ISim log file
Running: /home/mika/Projects/projects_workspace/Bachelor_work/I2C_bus/i2c_slave_tb_isim_beh.exe -intstyle ise -gui -tclbatch isim.cmd -wdb /home/mika/Projects/projects_workspace/Bachelor_work/I2C_bus/i2c_slave_tb_isim_beh.wdb 
INFO: There is another simulation running in the same directory. Using database file name isim2.wdb.
ISim P.20131013 (signature 0xfbc00daa)
WARNING: A WEBPACK license was found.
WARNING: Please use Xilinx License Configuration Manager to check out a full ISim license.
WARNING: ISim will run in Lite mode. Please refer to the ISim documentation for more information on the differences between the Lite and the Full version.
This is a Lite version of ISim.
Time resolution is 1 ps
# onerror resume
# wave add /
# run 1000 ns
Simulator is doing circuit initialization process.
at 0 ps, Instance /i2c_slave_tb/uut/ : Warning: NUMERIC_STD."=": metavalue detected, returning FALSE
at 0 ps, Instance /i2c_slave_tb/uut/ : Warning: NUMERIC_STD."=": metavalue detected, returning FALSE
at 0 ps, Instance /i2c_slave_tb/uut/ : Warning: There is an 'U'|'X'|'W'|'Z'|'-' in an arithmetic operand, the result will be 'X'(es).
at 0 ps, Instance /i2c_slave_tb/uut/ : Warning: CONV_INTEGER: There is an 'U'|'X'|'W'|'Z'|'-' in an arithmetic operand, and it has been converted to 0.
Finished circuit initialization process.
# run 1.00us
# run 1.00us
# run 1.00us
# run 1.00us
# restart
# run 1.00us
Simulator is doing circuit initialization process.
at 0 ps, Instance /i2c_slave_tb/uut/ : Warning: NUMERIC_STD."=": metavalue detected, returning FALSE
at 0 ps, Instance /i2c_slave_tb/uut/ : Warning: NUMERIC_STD."=": metavalue detected, returning FALSE
at 0 ps, Instance /i2c_slave_tb/uut/ : Warning: CONV_INTEGER: There is an 'U'|'X'|'W'|'Z'|'-' in an arithmetic operand, and it has been converted to 0.
Finished circuit initialization process.
# run 1.00us
# restart
# restart
# run 1.00us
Simulator is doing circuit initialization process.
at 0 ps, Instance /i2c_bus_tb/uut/eUART_I2C_MASTER/ : Warning: NUMERIC_STD."=": metavalue detected, returning FALSE
at 0 ps, Instance /i2c_bus_tb/uut/eUART_I2C_MASTER/ : Warning: NUMERIC_STD."=": metavalue detected, returning FALSE
at 0 ps, Instance /i2c_bus_tb/uut/eUART_I2C_MASTER/eSCL_GEN/ : Warning: NUMERIC_STD."=": metavalue detected, returning FALSE
at 0 ps, Instance /i2c_bus_tb/uut/eI2C_SLAVE/ : Warning: NUMERIC_STD."=": metavalue detected, returning FALSE
at 0 ps, Instance /i2c_bus_tb/uut/eI2C_SLAVE/ : Warning: NUMERIC_STD."=": metavalue detected, returning FALSE
at 0 ps, Instance /i2c_bus_tb/uut/eI2C_SLAVE/ : Warning: CONV_INTEGER: There is an 'U'|'X'|'W'|'Z'|'-' in an arithmetic operand, and it has been converted to 0.
at 0 ps, Instance /i2c_bus_tb/uut/eCLK_FREQ_DIV/ : Warning: NUMERIC_STD."=": metavalue detected, returning FALSE
Finished circuit initialization process.
# run 1.00us
# run 1.00us
# run 1.00us
# run 1.00us
# run 1.00us
# run 1.00us
# run 1.00us
# run 1.00us
# run 1.00us
# run 1.00us
# run 1.00us
# run 1.00us
# run 1.00us
# run 1.00us
# run 1.00us
# run 1.00us
# run 1.00us
# run 1.00us
# run 1.00us
# run 1.00us
# run 1.00us
# run 1.00us
# run 1.00us
# run 1.00us
# run 1.00us
# run 1.00us
# run 1.00us
# run 1.00us
# run 1.00us
# run 1.00us
# run 1.00us
