Command line:
   uart_i2c_master_tb_isim_beh.exe
     -simmode  gui
     -simrunnum  0
     -socket  52037

Sun May 20 19:48:52 2018


 Elaboration Time: 0.03 sec

 Current Memory Usage: 246.272 Meg

 Total Signals          : 122
 Total Nets             : 222
 Total Signal Drivers   : 71
 Total Blocks           : 14
 Total Primitive Blocks : 12
 Total Processes        : 43
 Total Traceable Variables  : 35
 Total Scalar Nets and Variables : 743
Total Line Count : 808
Total Line Count : 808

 Total Simulation Time: 0.28 sec

 Current Memory Usage: 321.774 Meg

Sun May 20 22:01:58 2018

