ISim log file
Running: D:\BSc_workspace\Bachelor_work\I2C_Emulation_Via_Serial\i2c_via_uart_tb_isim_beh.exe -intstyle ise -gui -tclbatch isim.cmd -wdb D:/BSc_workspace/Bachelor_work/I2C_Emulation_Via_Serial/i2c_via_uart_tb_isim_beh.wdb 
ISim P.68d (signature 0x8ef4fb42)
----------------------------------------------------------------------
INFO:Security:50 - The XILINXD_LICENSE_FILE environment variable is set to '2100@licserver'.
INFO:Security:53 - The LM_LICENSE_FILE environment variable is not set.
WARNING:Security:43 - No license file was found in the standard Xilinx license directory.
WARNING:Security:44 - Since no license file was found,
       please run the Xilinx License Configuration Manager
       (xlcm or "Manage Xilinx Licenses")
       to assist in obtaining a license.
WARNING:Security:42 - Your software subscription period has lapsed. Your current version of Xilinx tools will continue to function, but you no longer qualify for Xilinx software updates or new releases.


----------------------------------------------------------------------
This is a Full version of ISim.
Time resolution is 1 ps
# onerror resume
# wave add /
# run 1000 ns
Simulator is doing circuit initialization process.
at 0 ps, Instance /i2c_via_uart_tb/uut/eUART_I2C_BRIDGE/eUART/eBAUD_FREQ_DIV/ : Warning: NUMERIC_STD."=": metavalue detected, returning FALSE
at 0 ps, Instance /i2c_via_uart_tb/uut/eUART_I2C_BRIDGE/eUART/eUART_RECIVER/ : Warning: NUMERIC_STD."=": metavalue detected, returning FALSE
at 0 ps, Instance /i2c_via_uart_tb/uut/eUART_I2C_BRIDGE/eUART/eUART_RECIVER/ : Warning: NUMERIC_STD."=": metavalue detected, returning FALSE
at 0 ps, Instance /i2c_via_uart_tb/uut/eUART_I2C_BRIDGE/eUART/eUART_RECIVER/ : Warning: NUMERIC_STD."=": metavalue detected, returning FALSE
at 0 ps, Instance /i2c_via_uart_tb/uut/eUART_I2C_BRIDGE/eUART/eUART_RECIVER/ : Warning: NUMERIC_STD."=": metavalue detected, returning FALSE
at 0 ps, Instance /i2c_via_uart_tb/uut/eUART_I2C_BRIDGE/eUART/eUART_RECIVER/ : Warning: NUMERIC_STD."=": metavalue detected, returning FALSE
at 0 ps, Instance /i2c_via_uart_tb/uut/eUART_I2C_BRIDGE/eUART/eUART_RECIVER/ : Warning: NUMERIC_STD."=": metavalue detected, returning FALSE
at 0 ps, Instance /i2c_via_uart_tb/uut/eUART_I2C_BRIDGE/eUART/eUART_RECIVER/ : Warning: NUMERIC_STD."=": metavalue detected, returning FALSE
at 0 ps, Instance /i2c_via_uart_tb/uut/eUART_I2C_BRIDGE/eUART/eUART_RECIVER/ : Warning: NUMERIC_STD."=": metavalue detected, returning FALSE
at 0 ps, Instance /i2c_via_uart_tb/uut/eUART_I2C_BRIDGE/eUART/eUART_RECIVER/ : Warning: NUMERIC_STD."=": metavalue detected, returning FALSE
at 0 ps, Instance /i2c_via_uart_tb/uut/eUART_I2C_BRIDGE/eUART/eUART_RECIVER/ : Warning: NUMERIC_STD."=": metavalue detected, returning FALSE
at 0 ps, Instance /i2c_via_uart_tb/uut/eUART_I2C_BRIDGE/eUART/eUART_TRANSMITTER/ : Warning: NUMERIC_STD."=": metavalue detected, returning FALSE
at 0 ps, Instance /i2c_via_uart_tb/uut/eUART_I2C_BRIDGE/eUART_I2C_MASTER/ : Warning: There is an 'U'|'X'|'W'|'Z'|'-' in an arithmetic operand, the result will be 'X'(es).
at 0 ps, Instance /i2c_via_uart_tb/uut/eUART_I2C_BRIDGE/eUART_I2C_MASTER/eSCL_GEN/ : Warning: NUMERIC_STD."=": metavalue detected, returning FALSE
at 0 ps, Instance /i2c_via_uart_tb/uut/eUART_I2C_BRIDGE/eUART_I2C_MASTER/eCLK_FREQ_DIV/ : Warning: NUMERIC_STD."=": metavalue detected, returning FALSE
at 0 ps, Instance /i2c_via_uart_tb/uut/eI2C_SLAVE/ : Warning: NUMERIC_STD."=": metavalue detected, returning FALSE
at 0 ps, Instance /i2c_via_uart_tb/uut/eI2C_SLAVE/ : Warning: NUMERIC_STD."=": metavalue detected, returning FALSE
at 0 ps, Instance /i2c_via_uart_tb/uut/eI2C_SLAVE/ : Warning: NUMERIC_STD."=": metavalue detected, returning FALSE
at 0 ps, Instance /i2c_via_uart_tb/uut/eI2C_SLAVE/ : Warning: CONV_INTEGER: There is an 'U'|'X'|'W'|'Z'|'-' in an arithmetic operand, and it has been converted to 0.
at 0 ps, Instance /i2c_via_uart_tb/uut/eI2C_SLAVE/eCLK_FREQ_DIV/ : Warning: NUMERIC_STD."=": metavalue detected, returning FALSE
at 0 ps, Instance /i2c_via_uart_tb/uut/eLCD_DRIVER/eLCD_INIT_TIMER/ : Warning: NUMERIC_STD."=": metavalue detected, returning FALSE
at 0 ps, Instance /i2c_via_uart_tb/uut/eLCD_DRIVER/eLCD_CMD_TIMER/ : Warning: NUMERIC_STD."=": metavalue detected, returning FALSE
Finished circuit initialization process.
ISim P.68d (signature 0x8ef4fb42)
----------------------------------------------------------------------
INFO:Security:50 - The XILINXD_LICENSE_FILE environment variable is set to '2100@licserver'.
INFO:Security:53 - The LM_LICENSE_FILE environment variable is not set.
WARNING:Security:43 - No license file was found in the standard Xilinx license directory.
WARNING:Security:44 - Since no license file was found,
       please run the Xilinx License Configuration Manager
       (xlcm or "Manage Xilinx Licenses")
       to assist in obtaining a license.
WARNING:Security:42 - Your software subscription period has lapsed. Your current version of Xilinx tools will continue to function, but you no longer qualify for Xilinx software updates or new releases.


----------------------------------------------------------------------
This is a Full version of ISim.
# run 1000 ns
Simulator is doing circuit initialization process.
at 0 ps, Instance /i2c_via_uart_tb/uut/eUART_I2C_BRIDGE/eUART/eBAUD_FREQ_DIV/ : Warning: NUMERIC_STD."=": metavalue detected, returning FALSE
at 0 ps, Instance /i2c_via_uart_tb/uut/eUART_I2C_BRIDGE/eUART/eUART_RECIVER/ : Warning: NUMERIC_STD."=": metavalue detected, returning FALSE
at 0 ps, Instance /i2c_via_uart_tb/uut/eUART_I2C_BRIDGE/eUART/eUART_RECIVER/ : Warning: NUMERIC_STD."=": metavalue detected, returning FALSE
at 0 ps, Instance /i2c_via_uart_tb/uut/eUART_I2C_BRIDGE/eUART/eUART_RECIVER/ : Warning: NUMERIC_STD."=": metavalue detected, returning FALSE
at 0 ps, Instance /i2c_via_uart_tb/uut/eUART_I2C_BRIDGE/eUART/eUART_RECIVER/ : Warning: NUMERIC_STD."=": metavalue detected, returning FALSE
at 0 ps, Instance /i2c_via_uart_tb/uut/eUART_I2C_BRIDGE/eUART/eUART_RECIVER/ : Warning: NUMERIC_STD."=": metavalue detected, returning FALSE
at 0 ps, Instance /i2c_via_uart_tb/uut/eUART_I2C_BRIDGE/eUART/eUART_RECIVER/ : Warning: NUMERIC_STD."=": metavalue detected, returning FALSE
at 0 ps, Instance /i2c_via_uart_tb/uut/eUART_I2C_BRIDGE/eUART/eUART_RECIVER/ : Warning: NUMERIC_STD."=": metavalue detected, returning FALSE
at 0 ps, Instance /i2c_via_uart_tb/uut/eUART_I2C_BRIDGE/eUART/eUART_RECIVER/ : Warning: NUMERIC_STD."=": metavalue detected, returning FALSE
at 0 ps, Instance /i2c_via_uart_tb/uut/eUART_I2C_BRIDGE/eUART/eUART_RECIVER/ : Warning: NUMERIC_STD."=": metavalue detected, returning FALSE
at 0 ps, Instance /i2c_via_uart_tb/uut/eUART_I2C_BRIDGE/eUART/eUART_RECIVER/ : Warning: NUMERIC_STD."=": metavalue detected, returning FALSE
at 0 ps, Instance /i2c_via_uart_tb/uut/eUART_I2C_BRIDGE/eUART/eUART_TRANSMITTER/ : Warning: NUMERIC_STD."=": metavalue detected, returning FALSE
at 0 ps, Instance /i2c_via_uart_tb/uut/eUART_I2C_BRIDGE/eUART_I2C_MASTER/ : Warning: There is an 'U'|'X'|'W'|'Z'|'-' in an arithmetic operand, the result will be 'X'(es).
at 0 ps, Instance /i2c_via_uart_tb/uut/eUART_I2C_BRIDGE/eUART_I2C_MASTER/eSCL_GEN/ : Warning: NUMERIC_STD."=": metavalue detected, returning FALSE
at 0 ps, Instance /i2c_via_uart_tb/uut/eUART_I2C_BRIDGE/eUART_I2C_MASTER/eCLK_FREQ_DIV/ : Warning: NUMERIC_STD."=": metavalue detected, returning FALSE
at 0 ps, Instance /i2c_via_uart_tb/uut/eI2C_SLAVE/ : Warning: NUMERIC_STD."=": metavalue detected, returning FALSE
at 0 ps, Instance /i2c_via_uart_tb/uut/eI2C_SLAVE/ : Warning: NUMERIC_STD."=": metavalue detected, returning FALSE
at 0 ps, Instance /i2c_via_uart_tb/uut/eI2C_SLAVE/ : Warning: NUMERIC_STD."=": metavalue detected, returning FALSE
at 0 ps, Instance /i2c_via_uart_tb/uut/eI2C_SLAVE/ : Warning: CONV_INTEGER: There is an 'U'|'X'|'W'|'Z'|'-' in an arithmetic operand, and it has been converted to 0.
at 0 ps, Instance /i2c_via_uart_tb/uut/eI2C_SLAVE/eCLK_FREQ_DIV/ : Warning: NUMERIC_STD."=": metavalue detected, returning FALSE
at 0 ps, Instance /i2c_via_uart_tb/uut/eLCD_DRIVER/eLCD_INIT_TIMER/ : Warning: NUMERIC_STD."=": metavalue detected, returning FALSE
at 0 ps, Instance /i2c_via_uart_tb/uut/eLCD_DRIVER/eLCD_CMD_TIMER/ : Warning: NUMERIC_STD."=": metavalue detected, returning FALSE
Finished circuit initialization process.
# run all
Stopped at time : 3615804360 ps : File "D:/BSc_workspace/Bachelor_work/UART_communication/baud_freq_div.vhd" Line 57
# run all
Stopped at time : 12027725640 ps : File "D:/BSc_workspace/Bachelor_work/LCD_controller/lcd_timer.vhd" Line 44
ISim P.68d (signature 0x8ef4fb42)
----------------------------------------------------------------------
INFO:Security:50 - The XILINXD_LICENSE_FILE environment variable is set to '2100@licserver'.
INFO:Security:53 - The LM_LICENSE_FILE environment variable is not set.
WARNING:Security:43 - No license file was found in the standard Xilinx license directory.
WARNING:Security:44 - Since no license file was found,
       please run the Xilinx License Configuration Manager
       (xlcm or "Manage Xilinx Licenses")
       to assist in obtaining a license.
WARNING:Security:42 - Your software subscription period has lapsed. Your current version of Xilinx tools will continue to function, but you no longer qualify for Xilinx software updates or new releases.


----------------------------------------------------------------------
This is a Full version of ISim.
# run 1000 ns
Simulator is doing circuit initialization process.
at 0 ps, Instance /i2c_via_uart_tb/uut/eUART_I2C_BRIDGE/eUART/eBAUD_FREQ_DIV/ : Warning: NUMERIC_STD."=": metavalue detected, returning FALSE
at 0 ps, Instance /i2c_via_uart_tb/uut/eUART_I2C_BRIDGE/eUART/eUART_RECIVER/ : Warning: NUMERIC_STD."=": metavalue detected, returning FALSE
at 0 ps, Instance /i2c_via_uart_tb/uut/eUART_I2C_BRIDGE/eUART/eUART_RECIVER/ : Warning: NUMERIC_STD."=": metavalue detected, returning FALSE
at 0 ps, Instance /i2c_via_uart_tb/uut/eUART_I2C_BRIDGE/eUART/eUART_RECIVER/ : Warning: NUMERIC_STD."=": metavalue detected, returning FALSE
at 0 ps, Instance /i2c_via_uart_tb/uut/eUART_I2C_BRIDGE/eUART/eUART_RECIVER/ : Warning: NUMERIC_STD."=": metavalue detected, returning FALSE
at 0 ps, Instance /i2c_via_uart_tb/uut/eUART_I2C_BRIDGE/eUART/eUART_RECIVER/ : Warning: NUMERIC_STD."=": metavalue detected, returning FALSE
at 0 ps, Instance /i2c_via_uart_tb/uut/eUART_I2C_BRIDGE/eUART/eUART_RECIVER/ : Warning: NUMERIC_STD."=": metavalue detected, returning FALSE
at 0 ps, Instance /i2c_via_uart_tb/uut/eUART_I2C_BRIDGE/eUART/eUART_RECIVER/ : Warning: NUMERIC_STD."=": metavalue detected, returning FALSE
at 0 ps, Instance /i2c_via_uart_tb/uut/eUART_I2C_BRIDGE/eUART/eUART_RECIVER/ : Warning: NUMERIC_STD."=": metavalue detected, returning FALSE
at 0 ps, Instance /i2c_via_uart_tb/uut/eUART_I2C_BRIDGE/eUART/eUART_RECIVER/ : Warning: NUMERIC_STD."=": metavalue detected, returning FALSE
at 0 ps, Instance /i2c_via_uart_tb/uut/eUART_I2C_BRIDGE/eUART/eUART_RECIVER/ : Warning: NUMERIC_STD."=": metavalue detected, returning FALSE
at 0 ps, Instance /i2c_via_uart_tb/uut/eUART_I2C_BRIDGE/eUART/eUART_TRANSMITTER/ : Warning: NUMERIC_STD."=": metavalue detected, returning FALSE
at 0 ps, Instance /i2c_via_uart_tb/uut/eUART_I2C_BRIDGE/eUART_I2C_MASTER/ : Warning: There is an 'U'|'X'|'W'|'Z'|'-' in an arithmetic operand, the result will be 'X'(es).
at 0 ps, Instance /i2c_via_uart_tb/uut/eUART_I2C_BRIDGE/eUART_I2C_MASTER/eSCL_GEN/ : Warning: NUMERIC_STD."=": metavalue detected, returning FALSE
at 0 ps, Instance /i2c_via_uart_tb/uut/eUART_I2C_BRIDGE/eUART_I2C_MASTER/eCLK_FREQ_DIV/ : Warning: NUMERIC_STD."=": metavalue detected, returning FALSE
at 0 ps, Instance /i2c_via_uart_tb/uut/eI2C_SLAVE/ : Warning: NUMERIC_STD."=": metavalue detected, returning FALSE
at 0 ps, Instance /i2c_via_uart_tb/uut/eI2C_SLAVE/ : Warning: NUMERIC_STD."=": metavalue detected, returning FALSE
at 0 ps, Instance /i2c_via_uart_tb/uut/eI2C_SLAVE/ : Warning: NUMERIC_STD."=": metavalue detected, returning FALSE
at 0 ps, Instance /i2c_via_uart_tb/uut/eI2C_SLAVE/ : Warning: CONV_INTEGER: There is an 'U'|'X'|'W'|'Z'|'-' in an arithmetic operand, and it has been converted to 0.
at 0 ps, Instance /i2c_via_uart_tb/uut/eI2C_SLAVE/eCLK_FREQ_DIV/ : Warning: NUMERIC_STD."=": metavalue detected, returning FALSE
at 0 ps, Instance /i2c_via_uart_tb/uut/eLCD_DRIVER/eLCD_INIT_TIMER/ : Warning: NUMERIC_STD."=": metavalue detected, returning FALSE
at 0 ps, Instance /i2c_via_uart_tb/uut/eLCD_DRIVER/eLCD_CMD_TIMER/ : Warning: NUMERIC_STD."=": metavalue detected, returning FALSE
Finished circuit initialization process.
# run all
Stopped at time : 9481225320 ps : File "D:/BSc_workspace/Bachelor_work/UART_communication/baud_freq_div.vhd" Line 57
ISim P.68d (signature 0x8ef4fb42)
----------------------------------------------------------------------
INFO:Security:50 - The XILINXD_LICENSE_FILE environment variable is set to '2100@licserver'.
INFO:Security:53 - The LM_LICENSE_FILE environment variable is not set.
WARNING:Security:43 - No license file was found in the standard Xilinx license directory.
WARNING:Security:44 - Since no license file was found,
       please run the Xilinx License Configuration Manager
       (xlcm or "Manage Xilinx Licenses")
       to assist in obtaining a license.
WARNING:Security:42 - Your software subscription period has lapsed. Your current version of Xilinx tools will continue to function, but you no longer qualify for Xilinx software updates or new releases.


----------------------------------------------------------------------
This is a Full version of ISim.
# run 1000 ns
Simulator is doing circuit initialization process.
at 0 ps, Instance /i2c_via_uart_tb/uut/eUART_I2C_BRIDGE/eUART/eBAUD_FREQ_DIV/ : Warning: NUMERIC_STD."=": metavalue detected, returning FALSE
at 0 ps, Instance /i2c_via_uart_tb/uut/eUART_I2C_BRIDGE/eUART/eUART_RECIVER/ : Warning: NUMERIC_STD."=": metavalue detected, returning FALSE
at 0 ps, Instance /i2c_via_uart_tb/uut/eUART_I2C_BRIDGE/eUART/eUART_RECIVER/ : Warning: NUMERIC_STD."=": metavalue detected, returning FALSE
at 0 ps, Instance /i2c_via_uart_tb/uut/eUART_I2C_BRIDGE/eUART/eUART_RECIVER/ : Warning: NUMERIC_STD."=": metavalue detected, returning FALSE
at 0 ps, Instance /i2c_via_uart_tb/uut/eUART_I2C_BRIDGE/eUART/eUART_RECIVER/ : Warning: NUMERIC_STD."=": metavalue detected, returning FALSE
at 0 ps, Instance /i2c_via_uart_tb/uut/eUART_I2C_BRIDGE/eUART/eUART_RECIVER/ : Warning: NUMERIC_STD."=": metavalue detected, returning FALSE
at 0 ps, Instance /i2c_via_uart_tb/uut/eUART_I2C_BRIDGE/eUART/eUART_RECIVER/ : Warning: NUMERIC_STD."=": metavalue detected, returning FALSE
at 0 ps, Instance /i2c_via_uart_tb/uut/eUART_I2C_BRIDGE/eUART/eUART_RECIVER/ : Warning: NUMERIC_STD."=": metavalue detected, returning FALSE
at 0 ps, Instance /i2c_via_uart_tb/uut/eUART_I2C_BRIDGE/eUART/eUART_RECIVER/ : Warning: NUMERIC_STD."=": metavalue detected, returning FALSE
at 0 ps, Instance /i2c_via_uart_tb/uut/eUART_I2C_BRIDGE/eUART/eUART_RECIVER/ : Warning: NUMERIC_STD."=": metavalue detected, returning FALSE
at 0 ps, Instance /i2c_via_uart_tb/uut/eUART_I2C_BRIDGE/eUART/eUART_RECIVER/ : Warning: NUMERIC_STD."=": metavalue detected, returning FALSE
at 0 ps, Instance /i2c_via_uart_tb/uut/eUART_I2C_BRIDGE/eUART/eUART_TRANSMITTER/ : Warning: NUMERIC_STD."=": metavalue detected, returning FALSE
at 0 ps, Instance /i2c_via_uart_tb/uut/eUART_I2C_BRIDGE/eUART_I2C_MASTER/ : Warning: There is an 'U'|'X'|'W'|'Z'|'-' in an arithmetic operand, the result will be 'X'(es).
at 0 ps, Instance /i2c_via_uart_tb/uut/eUART_I2C_BRIDGE/eUART_I2C_MASTER/eSCL_GEN/ : Warning: NUMERIC_STD."=": metavalue detected, returning FALSE
at 0 ps, Instance /i2c_via_uart_tb/uut/eUART_I2C_BRIDGE/eUART_I2C_MASTER/eCLK_FREQ_DIV/ : Warning: NUMERIC_STD."=": metavalue detected, returning FALSE
at 0 ps, Instance /i2c_via_uart_tb/uut/eI2C_SLAVE/ : Warning: NUMERIC_STD."=": metavalue detected, returning FALSE
at 0 ps, Instance /i2c_via_uart_tb/uut/eI2C_SLAVE/ : Warning: NUMERIC_STD."=": metavalue detected, returning FALSE
at 0 ps, Instance /i2c_via_uart_tb/uut/eI2C_SLAVE/ : Warning: NUMERIC_STD."=": metavalue detected, returning FALSE
at 0 ps, Instance /i2c_via_uart_tb/uut/eI2C_SLAVE/ : Warning: CONV_INTEGER: There is an 'U'|'X'|'W'|'Z'|'-' in an arithmetic operand, and it has been converted to 0.
at 0 ps, Instance /i2c_via_uart_tb/uut/eI2C_SLAVE/eCLK_FREQ_DIV/ : Warning: NUMERIC_STD."=": metavalue detected, returning FALSE
at 0 ps, Instance /i2c_via_uart_tb/uut/eLCD_DRIVER/eLCD_INIT_TIMER/ : Warning: NUMERIC_STD."=": metavalue detected, returning FALSE
at 0 ps, Instance /i2c_via_uart_tb/uut/eLCD_DRIVER/eLCD_CMD_TIMER/ : Warning: NUMERIC_STD."=": metavalue detected, returning FALSE
Finished circuit initialization process.
# run all
Stopped at time : 10552497480 ps : File "D:/BSc_workspace/Bachelor_work/LCD_controller/lcd_timer.vhd" Line 56
ISim P.68d (signature 0x8ef4fb42)
----------------------------------------------------------------------
INFO:Security:50 - The XILINXD_LICENSE_FILE environment variable is set to '2100@licserver'.
INFO:Security:53 - The LM_LICENSE_FILE environment variable is not set.
WARNING:Security:43 - No license file was found in the standard Xilinx license directory.
WARNING:Security:44 - Since no license file was found,
       please run the Xilinx License Configuration Manager
       (xlcm or "Manage Xilinx Licenses")
       to assist in obtaining a license.
WARNING:Security:42 - Your software subscription period has lapsed. Your current version of Xilinx tools will continue to function, but you no longer qualify for Xilinx software updates or new releases.


----------------------------------------------------------------------
This is a Full version of ISim.
# run 1000 ns
Simulator is doing circuit initialization process.
at 0 ps, Instance /i2c_via_uart_tb/uut/eUART_I2C_BRIDGE/eUART/eBAUD_FREQ_DIV/ : Warning: NUMERIC_STD."=": metavalue detected, returning FALSE
at 0 ps, Instance /i2c_via_uart_tb/uut/eUART_I2C_BRIDGE/eUART/eUART_RECIVER/ : Warning: NUMERIC_STD."=": metavalue detected, returning FALSE
at 0 ps, Instance /i2c_via_uart_tb/uut/eUART_I2C_BRIDGE/eUART/eUART_RECIVER/ : Warning: NUMERIC_STD."=": metavalue detected, returning FALSE
at 0 ps, Instance /i2c_via_uart_tb/uut/eUART_I2C_BRIDGE/eUART/eUART_RECIVER/ : Warning: NUMERIC_STD."=": metavalue detected, returning FALSE
at 0 ps, Instance /i2c_via_uart_tb/uut/eUART_I2C_BRIDGE/eUART/eUART_RECIVER/ : Warning: NUMERIC_STD."=": metavalue detected, returning FALSE
at 0 ps, Instance /i2c_via_uart_tb/uut/eUART_I2C_BRIDGE/eUART/eUART_RECIVER/ : Warning: NUMERIC_STD."=": metavalue detected, returning FALSE
at 0 ps, Instance /i2c_via_uart_tb/uut/eUART_I2C_BRIDGE/eUART/eUART_RECIVER/ : Warning: NUMERIC_STD."=": metavalue detected, returning FALSE
at 0 ps, Instance /i2c_via_uart_tb/uut/eUART_I2C_BRIDGE/eUART/eUART_RECIVER/ : Warning: NUMERIC_STD."=": metavalue detected, returning FALSE
at 0 ps, Instance /i2c_via_uart_tb/uut/eUART_I2C_BRIDGE/eUART/eUART_RECIVER/ : Warning: NUMERIC_STD."=": metavalue detected, returning FALSE
at 0 ps, Instance /i2c_via_uart_tb/uut/eUART_I2C_BRIDGE/eUART/eUART_RECIVER/ : Warning: NUMERIC_STD."=": metavalue detected, returning FALSE
at 0 ps, Instance /i2c_via_uart_tb/uut/eUART_I2C_BRIDGE/eUART/eUART_RECIVER/ : Warning: NUMERIC_STD."=": metavalue detected, returning FALSE
at 0 ps, Instance /i2c_via_uart_tb/uut/eUART_I2C_BRIDGE/eUART/eUART_TRANSMITTER/ : Warning: NUMERIC_STD."=": metavalue detected, returning FALSE
at 0 ps, Instance /i2c_via_uart_tb/uut/eUART_I2C_BRIDGE/eUART_I2C_MASTER/ : Warning: There is an 'U'|'X'|'W'|'Z'|'-' in an arithmetic operand, the result will be 'X'(es).
at 0 ps, Instance /i2c_via_uart_tb/uut/eUART_I2C_BRIDGE/eUART_I2C_MASTER/eSCL_GEN/ : Warning: NUMERIC_STD."=": metavalue detected, returning FALSE
at 0 ps, Instance /i2c_via_uart_tb/uut/eUART_I2C_BRIDGE/eUART_I2C_MASTER/eCLK_FREQ_DIV/ : Warning: NUMERIC_STD."=": metavalue detected, returning FALSE
at 0 ps, Instance /i2c_via_uart_tb/uut/eI2C_SLAVE/ : Warning: NUMERIC_STD."=": metavalue detected, returning FALSE
at 0 ps, Instance /i2c_via_uart_tb/uut/eI2C_SLAVE/ : Warning: NUMERIC_STD."=": metavalue detected, returning FALSE
at 0 ps, Instance /i2c_via_uart_tb/uut/eI2C_SLAVE/ : Warning: NUMERIC_STD."=": metavalue detected, returning FALSE
at 0 ps, Instance /i2c_via_uart_tb/uut/eI2C_SLAVE/ : Warning: CONV_INTEGER: There is an 'U'|'X'|'W'|'Z'|'-' in an arithmetic operand, and it has been converted to 0.
at 0 ps, Instance /i2c_via_uart_tb/uut/eI2C_SLAVE/eCLK_FREQ_DIV/ : Warning: NUMERIC_STD."=": metavalue detected, returning FALSE
at 0 ps, Instance /i2c_via_uart_tb/uut/eLCD_DRIVER/eLCD_INIT_TIMER/ : Warning: NUMERIC_STD."=": metavalue detected, returning FALSE
at 0 ps, Instance /i2c_via_uart_tb/uut/eLCD_DRIVER/eLCD_CMD_TIMER/ : Warning: NUMERIC_STD."=": metavalue detected, returning FALSE
Finished circuit initialization process.
# run all
Stopped at time : 6788867400 ps : File "D:/BSc_workspace/Bachelor_work/I2C_bus/i2c_clk_freq_div.vhd" Line 58
ISim P.68d (signature 0x8ef4fb42)
----------------------------------------------------------------------
INFO:Security:50 - The XILINXD_LICENSE_FILE environment variable is set to '2100@licserver'.
INFO:Security:53 - The LM_LICENSE_FILE environment variable is not set.
WARNING:Security:43 - No license file was found in the standard Xilinx license directory.
WARNING:Security:44 - Since no license file was found,
       please run the Xilinx License Configuration Manager
       (xlcm or "Manage Xilinx Licenses")
       to assist in obtaining a license.
WARNING:Security:42 - Your software subscription period has lapsed. Your current version of Xilinx tools will continue to function, but you no longer qualify for Xilinx software updates or new releases.


----------------------------------------------------------------------
This is a Full version of ISim.
# run 1000 ns
Simulator is doing circuit initialization process.
at 0 ps, Instance /i2c_via_uart_tb/uut/eUART_I2C_BRIDGE/eUART/eBAUD_FREQ_DIV/ : Warning: NUMERIC_STD."=": metavalue detected, returning FALSE
at 0 ps, Instance /i2c_via_uart_tb/uut/eUART_I2C_BRIDGE/eUART/eUART_RECIVER/ : Warning: NUMERIC_STD."=": metavalue detected, returning FALSE
at 0 ps, Instance /i2c_via_uart_tb/uut/eUART_I2C_BRIDGE/eUART/eUART_RECIVER/ : Warning: NUMERIC_STD."=": metavalue detected, returning FALSE
at 0 ps, Instance /i2c_via_uart_tb/uut/eUART_I2C_BRIDGE/eUART/eUART_RECIVER/ : Warning: NUMERIC_STD."=": metavalue detected, returning FALSE
at 0 ps, Instance /i2c_via_uart_tb/uut/eUART_I2C_BRIDGE/eUART/eUART_RECIVER/ : Warning: NUMERIC_STD."=": metavalue detected, returning FALSE
at 0 ps, Instance /i2c_via_uart_tb/uut/eUART_I2C_BRIDGE/eUART/eUART_RECIVER/ : Warning: NUMERIC_STD."=": metavalue detected, returning FALSE
at 0 ps, Instance /i2c_via_uart_tb/uut/eUART_I2C_BRIDGE/eUART/eUART_RECIVER/ : Warning: NUMERIC_STD."=": metavalue detected, returning FALSE
at 0 ps, Instance /i2c_via_uart_tb/uut/eUART_I2C_BRIDGE/eUART/eUART_RECIVER/ : Warning: NUMERIC_STD."=": metavalue detected, returning FALSE
at 0 ps, Instance /i2c_via_uart_tb/uut/eUART_I2C_BRIDGE/eUART/eUART_RECIVER/ : Warning: NUMERIC_STD."=": metavalue detected, returning FALSE
at 0 ps, Instance /i2c_via_uart_tb/uut/eUART_I2C_BRIDGE/eUART/eUART_RECIVER/ : Warning: NUMERIC_STD."=": metavalue detected, returning FALSE
at 0 ps, Instance /i2c_via_uart_tb/uut/eUART_I2C_BRIDGE/eUART/eUART_RECIVER/ : Warning: NUMERIC_STD."=": metavalue detected, returning FALSE
at 0 ps, Instance /i2c_via_uart_tb/uut/eUART_I2C_BRIDGE/eUART/eUART_TRANSMITTER/ : Warning: NUMERIC_STD."=": metavalue detected, returning FALSE
at 0 ps, Instance /i2c_via_uart_tb/uut/eUART_I2C_BRIDGE/eUART_I2C_MASTER/ : Warning: There is an 'U'|'X'|'W'|'Z'|'-' in an arithmetic operand, the result will be 'X'(es).
at 0 ps, Instance /i2c_via_uart_tb/uut/eUART_I2C_BRIDGE/eUART_I2C_MASTER/eSCL_GEN/ : Warning: NUMERIC_STD."=": metavalue detected, returning FALSE
at 0 ps, Instance /i2c_via_uart_tb/uut/eUART_I2C_BRIDGE/eUART_I2C_MASTER/eCLK_FREQ_DIV/ : Warning: NUMERIC_STD."=": metavalue detected, returning FALSE
at 0 ps, Instance /i2c_via_uart_tb/uut/eI2C_SLAVE/ : Warning: NUMERIC_STD."=": metavalue detected, returning FALSE
at 0 ps, Instance /i2c_via_uart_tb/uut/eI2C_SLAVE/ : Warning: NUMERIC_STD."=": metavalue detected, returning FALSE
at 0 ps, Instance /i2c_via_uart_tb/uut/eI2C_SLAVE/ : Warning: NUMERIC_STD."=": metavalue detected, returning FALSE
at 0 ps, Instance /i2c_via_uart_tb/uut/eI2C_SLAVE/ : Warning: CONV_INTEGER: There is an 'U'|'X'|'W'|'Z'|'-' in an arithmetic operand, and it has been converted to 0.
at 0 ps, Instance /i2c_via_uart_tb/uut/eI2C_SLAVE/eCLK_FREQ_DIV/ : Warning: NUMERIC_STD."=": metavalue detected, returning FALSE
at 0 ps, Instance /i2c_via_uart_tb/uut/eLCD_DRIVER/eLCD_INIT_TIMER/ : Warning: NUMERIC_STD."=": metavalue detected, returning FALSE
at 0 ps, Instance /i2c_via_uart_tb/uut/eLCD_DRIVER/eLCD_CMD_TIMER/ : Warning: NUMERIC_STD."=": metavalue detected, returning FALSE
Finished circuit initialization process.
# run all
Stopped at time : 28335196680 ps : File "D:/BSc_workspace/Bachelor_work/UART_communication/baud_freq_div.vhd" Line 74
ISim P.68d (signature 0x8ef4fb42)
----------------------------------------------------------------------
INFO:Security:50 - The XILINXD_LICENSE_FILE environment variable is set to '2100@licserver'.
INFO:Security:53 - The LM_LICENSE_FILE environment variable is not set.
WARNING:Security:43 - No license file was found in the standard Xilinx license directory.
WARNING:Security:44 - Since no license file was found,
       please run the Xilinx License Configuration Manager
       (xlcm or "Manage Xilinx Licenses")
       to assist in obtaining a license.
WARNING:Security:42 - Your software subscription period has lapsed. Your current version of Xilinx tools will continue to function, but you no longer qualify for Xilinx software updates or new releases.


----------------------------------------------------------------------
This is a Full version of ISim.
# run 1000 ns
Simulator is doing circuit initialization process.
at 0 ps, Instance /i2c_via_uart_tb/uut/eUART_I2C_BRIDGE/eUART/eBAUD_FREQ_DIV/ : Warning: NUMERIC_STD."=": metavalue detected, returning FALSE
at 0 ps, Instance /i2c_via_uart_tb/uut/eUART_I2C_BRIDGE/eUART/eUART_RECIVER/ : Warning: NUMERIC_STD."=": metavalue detected, returning FALSE
at 0 ps, Instance /i2c_via_uart_tb/uut/eUART_I2C_BRIDGE/eUART/eUART_RECIVER/ : Warning: NUMERIC_STD."=": metavalue detected, returning FALSE
at 0 ps, Instance /i2c_via_uart_tb/uut/eUART_I2C_BRIDGE/eUART/eUART_RECIVER/ : Warning: NUMERIC_STD."=": metavalue detected, returning FALSE
at 0 ps, Instance /i2c_via_uart_tb/uut/eUART_I2C_BRIDGE/eUART/eUART_RECIVER/ : Warning: NUMERIC_STD."=": metavalue detected, returning FALSE
at 0 ps, Instance /i2c_via_uart_tb/uut/eUART_I2C_BRIDGE/eUART/eUART_RECIVER/ : Warning: NUMERIC_STD."=": metavalue detected, returning FALSE
at 0 ps, Instance /i2c_via_uart_tb/uut/eUART_I2C_BRIDGE/eUART/eUART_RECIVER/ : Warning: NUMERIC_STD."=": metavalue detected, returning FALSE
at 0 ps, Instance /i2c_via_uart_tb/uut/eUART_I2C_BRIDGE/eUART/eUART_RECIVER/ : Warning: NUMERIC_STD."=": metavalue detected, returning FALSE
at 0 ps, Instance /i2c_via_uart_tb/uut/eUART_I2C_BRIDGE/eUART/eUART_RECIVER/ : Warning: NUMERIC_STD."=": metavalue detected, returning FALSE
at 0 ps, Instance /i2c_via_uart_tb/uut/eUART_I2C_BRIDGE/eUART/eUART_RECIVER/ : Warning: NUMERIC_STD."=": metavalue detected, returning FALSE
at 0 ps, Instance /i2c_via_uart_tb/uut/eUART_I2C_BRIDGE/eUART/eUART_RECIVER/ : Warning: NUMERIC_STD."=": metavalue detected, returning FALSE
at 0 ps, Instance /i2c_via_uart_tb/uut/eUART_I2C_BRIDGE/eUART/eUART_TRANSMITTER/ : Warning: NUMERIC_STD."=": metavalue detected, returning FALSE
at 0 ps, Instance /i2c_via_uart_tb/uut/eUART_I2C_BRIDGE/eUART_I2C_MASTER/ : Warning: There is an 'U'|'X'|'W'|'Z'|'-' in an arithmetic operand, the result will be 'X'(es).
at 0 ps, Instance /i2c_via_uart_tb/uut/eUART_I2C_BRIDGE/eUART_I2C_MASTER/eSCL_GEN/ : Warning: NUMERIC_STD."=": metavalue detected, returning FALSE
at 0 ps, Instance /i2c_via_uart_tb/uut/eUART_I2C_BRIDGE/eUART_I2C_MASTER/eCLK_FREQ_DIV/ : Warning: NUMERIC_STD."=": metavalue detected, returning FALSE
at 0 ps, Instance /i2c_via_uart_tb/uut/eI2C_SLAVE/ : Warning: NUMERIC_STD."=": metavalue detected, returning FALSE
at 0 ps, Instance /i2c_via_uart_tb/uut/eI2C_SLAVE/ : Warning: NUMERIC_STD."=": metavalue detected, returning FALSE
at 0 ps, Instance /i2c_via_uart_tb/uut/eI2C_SLAVE/ : Warning: NUMERIC_STD."=": metavalue detected, returning FALSE
at 0 ps, Instance /i2c_via_uart_tb/uut/eI2C_SLAVE/ : Warning: CONV_INTEGER: There is an 'U'|'X'|'W'|'Z'|'-' in an arithmetic operand, and it has been converted to 0.
at 0 ps, Instance /i2c_via_uart_tb/uut/eI2C_SLAVE/eCLK_FREQ_DIV/ : Warning: NUMERIC_STD."=": metavalue detected, returning FALSE
at 0 ps, Instance /i2c_via_uart_tb/uut/eLCD_DRIVER/eLCD_INIT_TIMER/ : Warning: NUMERIC_STD."=": metavalue detected, returning FALSE
at 0 ps, Instance /i2c_via_uart_tb/uut/eLCD_DRIVER/eLCD_CMD_TIMER/ : Warning: NUMERIC_STD."=": metavalue detected, returning FALSE
Finished circuit initialization process.
# run all
Stopped at time : 29943843720 ps : File "D:/BSc_workspace/Bachelor_work/UART_communication/baud_freq_div.vhd" Line 69
ISim P.68d (signature 0x8ef4fb42)
----------------------------------------------------------------------
INFO:Security:50 - The XILINXD_LICENSE_FILE environment variable is set to '2100@licserver'.
INFO:Security:53 - The LM_LICENSE_FILE environment variable is not set.
WARNING:Security:43 - No license file was found in the standard Xilinx license directory.
WARNING:Security:44 - Since no license file was found,
       please run the Xilinx License Configuration Manager
       (xlcm or "Manage Xilinx Licenses")
       to assist in obtaining a license.
WARNING:Security:42 - Your software subscription period has lapsed. Your current version of Xilinx tools will continue to function, but you no longer qualify for Xilinx software updates or new releases.


----------------------------------------------------------------------
This is a Full version of ISim.
# run 1000 ns
Simulator is doing circuit initialization process.
at 0 ps, Instance /i2c_via_uart_tb/uut/eUART_I2C_BRIDGE/eUART/eBAUD_FREQ_DIV/ : Warning: NUMERIC_STD."=": metavalue detected, returning FALSE
at 0 ps, Instance /i2c_via_uart_tb/uut/eUART_I2C_BRIDGE/eUART/eUART_RECIVER/ : Warning: NUMERIC_STD."=": metavalue detected, returning FALSE
at 0 ps, Instance /i2c_via_uart_tb/uut/eUART_I2C_BRIDGE/eUART/eUART_RECIVER/ : Warning: NUMERIC_STD."=": metavalue detected, returning FALSE
at 0 ps, Instance /i2c_via_uart_tb/uut/eUART_I2C_BRIDGE/eUART/eUART_RECIVER/ : Warning: NUMERIC_STD."=": metavalue detected, returning FALSE
at 0 ps, Instance /i2c_via_uart_tb/uut/eUART_I2C_BRIDGE/eUART/eUART_RECIVER/ : Warning: NUMERIC_STD."=": metavalue detected, returning FALSE
at 0 ps, Instance /i2c_via_uart_tb/uut/eUART_I2C_BRIDGE/eUART/eUART_RECIVER/ : Warning: NUMERIC_STD."=": metavalue detected, returning FALSE
at 0 ps, Instance /i2c_via_uart_tb/uut/eUART_I2C_BRIDGE/eUART/eUART_RECIVER/ : Warning: NUMERIC_STD."=": metavalue detected, returning FALSE
at 0 ps, Instance /i2c_via_uart_tb/uut/eUART_I2C_BRIDGE/eUART/eUART_RECIVER/ : Warning: NUMERIC_STD."=": metavalue detected, returning FALSE
at 0 ps, Instance /i2c_via_uart_tb/uut/eUART_I2C_BRIDGE/eUART/eUART_RECIVER/ : Warning: NUMERIC_STD."=": metavalue detected, returning FALSE
at 0 ps, Instance /i2c_via_uart_tb/uut/eUART_I2C_BRIDGE/eUART/eUART_RECIVER/ : Warning: NUMERIC_STD."=": metavalue detected, returning FALSE
at 0 ps, Instance /i2c_via_uart_tb/uut/eUART_I2C_BRIDGE/eUART/eUART_RECIVER/ : Warning: NUMERIC_STD."=": metavalue detected, returning FALSE
at 0 ps, Instance /i2c_via_uart_tb/uut/eUART_I2C_BRIDGE/eUART/eUART_TRANSMITTER/ : Warning: NUMERIC_STD."=": metavalue detected, returning FALSE
at 0 ps, Instance /i2c_via_uart_tb/uut/eUART_I2C_BRIDGE/eUART_I2C_MASTER/ : Warning: There is an 'U'|'X'|'W'|'Z'|'-' in an arithmetic operand, the result will be 'X'(es).
at 0 ps, Instance /i2c_via_uart_tb/uut/eUART_I2C_BRIDGE/eUART_I2C_MASTER/eSCL_GEN/ : Warning: NUMERIC_STD."=": metavalue detected, returning FALSE
at 0 ps, Instance /i2c_via_uart_tb/uut/eUART_I2C_BRIDGE/eUART_I2C_MASTER/eCLK_FREQ_DIV/ : Warning: NUMERIC_STD."=": metavalue detected, returning FALSE
at 0 ps, Instance /i2c_via_uart_tb/uut/eI2C_SLAVE/ : Warning: NUMERIC_STD."=": metavalue detected, returning FALSE
at 0 ps, Instance /i2c_via_uart_tb/uut/eI2C_SLAVE/ : Warning: NUMERIC_STD."=": metavalue detected, returning FALSE
at 0 ps, Instance /i2c_via_uart_tb/uut/eI2C_SLAVE/ : Warning: NUMERIC_STD."=": metavalue detected, returning FALSE
at 0 ps, Instance /i2c_via_uart_tb/uut/eI2C_SLAVE/ : Warning: CONV_INTEGER: There is an 'U'|'X'|'W'|'Z'|'-' in an arithmetic operand, and it has been converted to 0.
at 0 ps, Instance /i2c_via_uart_tb/uut/eI2C_SLAVE/eCLK_FREQ_DIV/ : Warning: NUMERIC_STD."=": metavalue detected, returning FALSE
at 0 ps, Instance /i2c_via_uart_tb/uut/eLCD_DRIVER/eLCD_INIT_TIMER/ : Warning: NUMERIC_STD."=": metavalue detected, returning FALSE
at 0 ps, Instance /i2c_via_uart_tb/uut/eLCD_DRIVER/eLCD_CMD_TIMER/ : Warning: NUMERIC_STD."=": metavalue detected, returning FALSE
Finished circuit initialization process.
# run all
Stopped at time : 241444171080 ps : File "D:/BSc_workspace/Bachelor_work/LCD_controller/lcd_timer.vhd" Line 44
ISim P.68d (signature 0x8ef4fb42)
----------------------------------------------------------------------
INFO:Security:50 - The XILINXD_LICENSE_FILE environment variable is set to '2100@licserver'.
INFO:Security:53 - The LM_LICENSE_FILE environment variable is not set.
WARNING:Security:43 - No license file was found in the standard Xilinx license directory.
WARNING:Security:44 - Since no license file was found,
       please run the Xilinx License Configuration Manager
       (xlcm or "Manage Xilinx Licenses")
       to assist in obtaining a license.
WARNING:Security:42 - Your software subscription period has lapsed. Your current version of Xilinx tools will continue to function, but you no longer qualify for Xilinx software updates or new releases.


----------------------------------------------------------------------
This is a Full version of ISim.
# run 1000 ns
Simulator is doing circuit initialization process.
at 0 ps, Instance /i2c_via_uart_tb/uut/eUART_I2C_BRIDGE/eUART/eBAUD_FREQ_DIV/ : Warning: NUMERIC_STD."=": metavalue detected, returning FALSE
at 0 ps, Instance /i2c_via_uart_tb/uut/eUART_I2C_BRIDGE/eUART/eUART_RECIVER/ : Warning: NUMERIC_STD."=": metavalue detected, returning FALSE
at 0 ps, Instance /i2c_via_uart_tb/uut/eUART_I2C_BRIDGE/eUART/eUART_RECIVER/ : Warning: NUMERIC_STD."=": metavalue detected, returning FALSE
at 0 ps, Instance /i2c_via_uart_tb/uut/eUART_I2C_BRIDGE/eUART/eUART_RECIVER/ : Warning: NUMERIC_STD."=": metavalue detected, returning FALSE
at 0 ps, Instance /i2c_via_uart_tb/uut/eUART_I2C_BRIDGE/eUART/eUART_RECIVER/ : Warning: NUMERIC_STD."=": metavalue detected, returning FALSE
at 0 ps, Instance /i2c_via_uart_tb/uut/eUART_I2C_BRIDGE/eUART/eUART_RECIVER/ : Warning: NUMERIC_STD."=": metavalue detected, returning FALSE
at 0 ps, Instance /i2c_via_uart_tb/uut/eUART_I2C_BRIDGE/eUART/eUART_RECIVER/ : Warning: NUMERIC_STD."=": metavalue detected, returning FALSE
at 0 ps, Instance /i2c_via_uart_tb/uut/eUART_I2C_BRIDGE/eUART/eUART_RECIVER/ : Warning: NUMERIC_STD."=": metavalue detected, returning FALSE
at 0 ps, Instance /i2c_via_uart_tb/uut/eUART_I2C_BRIDGE/eUART/eUART_RECIVER/ : Warning: NUMERIC_STD."=": metavalue detected, returning FALSE
at 0 ps, Instance /i2c_via_uart_tb/uut/eUART_I2C_BRIDGE/eUART/eUART_RECIVER/ : Warning: NUMERIC_STD."=": metavalue detected, returning FALSE
at 0 ps, Instance /i2c_via_uart_tb/uut/eUART_I2C_BRIDGE/eUART/eUART_RECIVER/ : Warning: NUMERIC_STD."=": metavalue detected, returning FALSE
at 0 ps, Instance /i2c_via_uart_tb/uut/eUART_I2C_BRIDGE/eUART/eUART_TRANSMITTER/ : Warning: NUMERIC_STD."=": metavalue detected, returning FALSE
at 0 ps, Instance /i2c_via_uart_tb/uut/eUART_I2C_BRIDGE/eUART_I2C_MASTER/ : Warning: There is an 'U'|'X'|'W'|'Z'|'-' in an arithmetic operand, the result will be 'X'(es).
at 0 ps, Instance /i2c_via_uart_tb/uut/eUART_I2C_BRIDGE/eUART_I2C_MASTER/eSCL_GEN/ : Warning: NUMERIC_STD."=": metavalue detected, returning FALSE
at 0 ps, Instance /i2c_via_uart_tb/uut/eUART_I2C_BRIDGE/eUART_I2C_MASTER/eCLK_FREQ_DIV/ : Warning: NUMERIC_STD."=": metavalue detected, returning FALSE
at 0 ps, Instance /i2c_via_uart_tb/uut/eI2C_SLAVE/ : Warning: NUMERIC_STD."=": metavalue detected, returning FALSE
at 0 ps, Instance /i2c_via_uart_tb/uut/eI2C_SLAVE/ : Warning: NUMERIC_STD."=": metavalue detected, returning FALSE
at 0 ps, Instance /i2c_via_uart_tb/uut/eI2C_SLAVE/ : Warning: NUMERIC_STD."=": metavalue detected, returning FALSE
at 0 ps, Instance /i2c_via_uart_tb/uut/eI2C_SLAVE/ : Warning: CONV_INTEGER: There is an 'U'|'X'|'W'|'Z'|'-' in an arithmetic operand, and it has been converted to 0.
at 0 ps, Instance /i2c_via_uart_tb/uut/eI2C_SLAVE/eCLK_FREQ_DIV/ : Warning: NUMERIC_STD."=": metavalue detected, returning FALSE
at 0 ps, Instance /i2c_via_uart_tb/uut/eLCD_DRIVER/eLCD_INIT_TIMER/ : Warning: NUMERIC_STD."=": metavalue detected, returning FALSE
at 0 ps, Instance /i2c_via_uart_tb/uut/eLCD_DRIVER/eLCD_CMD_TIMER/ : Warning: NUMERIC_STD."=": metavalue detected, returning FALSE
Finished circuit initialization process.
# run all
Stopped at time : 67305488040 ps : File "D:/BSc_workspace/Bachelor_work/I2C_bus/uart_i2c_master.vhd" Line 794
ISim P.68d (signature 0x8ef4fb42)
----------------------------------------------------------------------
INFO:Security:50 - The XILINXD_LICENSE_FILE environment variable is set to '2100@licserver'.
INFO:Security:53 - The LM_LICENSE_FILE environment variable is not set.
WARNING:Security:43 - No license file was found in the standard Xilinx license directory.
WARNING:Security:44 - Since no license file was found,
       please run the Xilinx License Configuration Manager
       (xlcm or "Manage Xilinx Licenses")
       to assist in obtaining a license.
WARNING:Security:42 - Your software subscription period has lapsed. Your current version of Xilinx tools will continue to function, but you no longer qualify for Xilinx software updates or new releases.


----------------------------------------------------------------------
This is a Full version of ISim.
# run 1000 ns
Simulator is doing circuit initialization process.
at 0 ps, Instance /i2c_via_uart_tb/uut/eUART_I2C_BRIDGE/eUART/eBAUD_FREQ_DIV/ : Warning: NUMERIC_STD."=": metavalue detected, returning FALSE
at 0 ps, Instance /i2c_via_uart_tb/uut/eUART_I2C_BRIDGE/eUART/eUART_RECIVER/ : Warning: NUMERIC_STD."=": metavalue detected, returning FALSE
at 0 ps, Instance /i2c_via_uart_tb/uut/eUART_I2C_BRIDGE/eUART/eUART_RECIVER/ : Warning: NUMERIC_STD."=": metavalue detected, returning FALSE
at 0 ps, Instance /i2c_via_uart_tb/uut/eUART_I2C_BRIDGE/eUART/eUART_RECIVER/ : Warning: NUMERIC_STD."=": metavalue detected, returning FALSE
at 0 ps, Instance /i2c_via_uart_tb/uut/eUART_I2C_BRIDGE/eUART/eUART_RECIVER/ : Warning: NUMERIC_STD."=": metavalue detected, returning FALSE
at 0 ps, Instance /i2c_via_uart_tb/uut/eUART_I2C_BRIDGE/eUART/eUART_RECIVER/ : Warning: NUMERIC_STD."=": metavalue detected, returning FALSE
at 0 ps, Instance /i2c_via_uart_tb/uut/eUART_I2C_BRIDGE/eUART/eUART_RECIVER/ : Warning: NUMERIC_STD."=": metavalue detected, returning FALSE
at 0 ps, Instance /i2c_via_uart_tb/uut/eUART_I2C_BRIDGE/eUART/eUART_RECIVER/ : Warning: NUMERIC_STD."=": metavalue detected, returning FALSE
at 0 ps, Instance /i2c_via_uart_tb/uut/eUART_I2C_BRIDGE/eUART/eUART_RECIVER/ : Warning: NUMERIC_STD."=": metavalue detected, returning FALSE
at 0 ps, Instance /i2c_via_uart_tb/uut/eUART_I2C_BRIDGE/eUART/eUART_RECIVER/ : Warning: NUMERIC_STD."=": metavalue detected, returning FALSE
at 0 ps, Instance /i2c_via_uart_tb/uut/eUART_I2C_BRIDGE/eUART/eUART_RECIVER/ : Warning: NUMERIC_STD."=": metavalue detected, returning FALSE
at 0 ps, Instance /i2c_via_uart_tb/uut/eUART_I2C_BRIDGE/eUART/eUART_TRANSMITTER/ : Warning: NUMERIC_STD."=": metavalue detected, returning FALSE
at 0 ps, Instance /i2c_via_uart_tb/uut/eUART_I2C_BRIDGE/eUART_I2C_MASTER/ : Warning: There is an 'U'|'X'|'W'|'Z'|'-' in an arithmetic operand, the result will be 'X'(es).
at 0 ps, Instance /i2c_via_uart_tb/uut/eUART_I2C_BRIDGE/eUART_I2C_MASTER/eSCL_GEN/ : Warning: NUMERIC_STD."=": metavalue detected, returning FALSE
at 0 ps, Instance /i2c_via_uart_tb/uut/eUART_I2C_BRIDGE/eUART_I2C_MASTER/eCLK_FREQ_DIV/ : Warning: NUMERIC_STD."=": metavalue detected, returning FALSE
at 0 ps, Instance /i2c_via_uart_tb/uut/eI2C_SLAVE/ : Warning: NUMERIC_STD."=": metavalue detected, returning FALSE
at 0 ps, Instance /i2c_via_uart_tb/uut/eI2C_SLAVE/ : Warning: NUMERIC_STD."=": metavalue detected, returning FALSE
at 0 ps, Instance /i2c_via_uart_tb/uut/eI2C_SLAVE/ : Warning: NUMERIC_STD."=": metavalue detected, returning FALSE
at 0 ps, Instance /i2c_via_uart_tb/uut/eI2C_SLAVE/ : Warning: CONV_INTEGER: There is an 'U'|'X'|'W'|'Z'|'-' in an arithmetic operand, and it has been converted to 0.
at 0 ps, Instance /i2c_via_uart_tb/uut/eI2C_SLAVE/eCLK_FREQ_DIV/ : Warning: NUMERIC_STD."=": metavalue detected, returning FALSE
at 0 ps, Instance /i2c_via_uart_tb/uut/eLCD_DRIVER/eLCD_INIT_TIMER/ : Warning: NUMERIC_STD."=": metavalue detected, returning FALSE
at 0 ps, Instance /i2c_via_uart_tb/uut/eLCD_DRIVER/eLCD_CMD_TIMER/ : Warning: NUMERIC_STD."=": metavalue detected, returning FALSE
Finished circuit initialization process.
# run all
Stopped at time : 17016583080 ps : File "D:/BSc_workspace/Bachelor_work/UART_communication/baud_freq_div.vhd" Line 57
ISim P.68d (signature 0x8ef4fb42)
----------------------------------------------------------------------
INFO:Security:50 - The XILINXD_LICENSE_FILE environment variable is set to '2100@licserver'.
INFO:Security:53 - The LM_LICENSE_FILE environment variable is not set.
WARNING:Security:43 - No license file was found in the standard Xilinx license directory.
WARNING:Security:44 - Since no license file was found,
       please run the Xilinx License Configuration Manager
       (xlcm or "Manage Xilinx Licenses")
       to assist in obtaining a license.
WARNING:Security:42 - Your software subscription period has lapsed. Your current version of Xilinx tools will continue to function, but you no longer qualify for Xilinx software updates or new releases.


----------------------------------------------------------------------
This is a Full version of ISim.
# run 1000 ns
Simulator is doing circuit initialization process.
at 0 ps, Instance /i2c_via_uart_tb/uut/eUART_I2C_BRIDGE/eUART/eBAUD_FREQ_DIV/ : Warning: NUMERIC_STD."=": metavalue detected, returning FALSE
at 0 ps, Instance /i2c_via_uart_tb/uut/eUART_I2C_BRIDGE/eUART/eUART_RECIVER/ : Warning: NUMERIC_STD."=": metavalue detected, returning FALSE
at 0 ps, Instance /i2c_via_uart_tb/uut/eUART_I2C_BRIDGE/eUART/eUART_RECIVER/ : Warning: NUMERIC_STD."=": metavalue detected, returning FALSE
at 0 ps, Instance /i2c_via_uart_tb/uut/eUART_I2C_BRIDGE/eUART/eUART_RECIVER/ : Warning: NUMERIC_STD."=": metavalue detected, returning FALSE
at 0 ps, Instance /i2c_via_uart_tb/uut/eUART_I2C_BRIDGE/eUART/eUART_RECIVER/ : Warning: NUMERIC_STD."=": metavalue detected, returning FALSE
at 0 ps, Instance /i2c_via_uart_tb/uut/eUART_I2C_BRIDGE/eUART/eUART_RECIVER/ : Warning: NUMERIC_STD."=": metavalue detected, returning FALSE
at 0 ps, Instance /i2c_via_uart_tb/uut/eUART_I2C_BRIDGE/eUART/eUART_RECIVER/ : Warning: NUMERIC_STD."=": metavalue detected, returning FALSE
at 0 ps, Instance /i2c_via_uart_tb/uut/eUART_I2C_BRIDGE/eUART/eUART_RECIVER/ : Warning: NUMERIC_STD."=": metavalue detected, returning FALSE
at 0 ps, Instance /i2c_via_uart_tb/uut/eUART_I2C_BRIDGE/eUART/eUART_RECIVER/ : Warning: NUMERIC_STD."=": metavalue detected, returning FALSE
at 0 ps, Instance /i2c_via_uart_tb/uut/eUART_I2C_BRIDGE/eUART/eUART_RECIVER/ : Warning: NUMERIC_STD."=": metavalue detected, returning FALSE
at 0 ps, Instance /i2c_via_uart_tb/uut/eUART_I2C_BRIDGE/eUART/eUART_RECIVER/ : Warning: NUMERIC_STD."=": metavalue detected, returning FALSE
at 0 ps, Instance /i2c_via_uart_tb/uut/eUART_I2C_BRIDGE/eUART/eUART_TRANSMITTER/ : Warning: NUMERIC_STD."=": metavalue detected, returning FALSE
at 0 ps, Instance /i2c_via_uart_tb/uut/eUART_I2C_BRIDGE/eUART_I2C_MASTER/ : Warning: There is an 'U'|'X'|'W'|'Z'|'-' in an arithmetic operand, the result will be 'X'(es).
at 0 ps, Instance /i2c_via_uart_tb/uut/eUART_I2C_BRIDGE/eUART_I2C_MASTER/eSCL_GEN/ : Warning: NUMERIC_STD."=": metavalue detected, returning FALSE
at 0 ps, Instance /i2c_via_uart_tb/uut/eUART_I2C_BRIDGE/eUART_I2C_MASTER/eCLK_FREQ_DIV/ : Warning: NUMERIC_STD."=": metavalue detected, returning FALSE
at 0 ps, Instance /i2c_via_uart_tb/uut/eI2C_SLAVE/ : Warning: NUMERIC_STD."=": metavalue detected, returning FALSE
at 0 ps, Instance /i2c_via_uart_tb/uut/eI2C_SLAVE/ : Warning: NUMERIC_STD."=": metavalue detected, returning FALSE
at 0 ps, Instance /i2c_via_uart_tb/uut/eI2C_SLAVE/ : Warning: NUMERIC_STD."=": metavalue detected, returning FALSE
at 0 ps, Instance /i2c_via_uart_tb/uut/eI2C_SLAVE/ : Warning: CONV_INTEGER: There is an 'U'|'X'|'W'|'Z'|'-' in an arithmetic operand, and it has been converted to 0.
at 0 ps, Instance /i2c_via_uart_tb/uut/eI2C_SLAVE/eCLK_FREQ_DIV/ : Warning: NUMERIC_STD."=": metavalue detected, returning FALSE
at 0 ps, Instance /i2c_via_uart_tb/uut/eLCD_DRIVER/eLCD_INIT_TIMER/ : Warning: NUMERIC_STD."=": metavalue detected, returning FALSE
at 0 ps, Instance /i2c_via_uart_tb/uut/eLCD_DRIVER/eLCD_CMD_TIMER/ : Warning: NUMERIC_STD."=": metavalue detected, returning FALSE
Finished circuit initialization process.
# run all
Stopped at time : 47624640840 ps : File "D:/BSc_workspace/Bachelor_work/I2C_bus/reg.vhd" Line 43
# restart
# run all
Simulator is doing circuit initialization process.
at 0 ps, Instance /i2c_via_uart_tb/uut/eUART_I2C_BRIDGE/eUART/eBAUD_FREQ_DIV/ : Warning: NUMERIC_STD."=": metavalue detected, returning FALSE
at 0 ps, Instance /i2c_via_uart_tb/uut/eUART_I2C_BRIDGE/eUART/eUART_RECIVER/ : Warning: NUMERIC_STD."=": metavalue detected, returning FALSE
at 0 ps, Instance /i2c_via_uart_tb/uut/eUART_I2C_BRIDGE/eUART/eUART_RECIVER/ : Warning: NUMERIC_STD."=": metavalue detected, returning FALSE
at 0 ps, Instance /i2c_via_uart_tb/uut/eUART_I2C_BRIDGE/eUART/eUART_RECIVER/ : Warning: NUMERIC_STD."=": metavalue detected, returning FALSE
at 0 ps, Instance /i2c_via_uart_tb/uut/eUART_I2C_BRIDGE/eUART/eUART_RECIVER/ : Warning: NUMERIC_STD."=": metavalue detected, returning FALSE
at 0 ps, Instance /i2c_via_uart_tb/uut/eUART_I2C_BRIDGE/eUART/eUART_RECIVER/ : Warning: NUMERIC_STD."=": metavalue detected, returning FALSE
at 0 ps, Instance /i2c_via_uart_tb/uut/eUART_I2C_BRIDGE/eUART/eUART_RECIVER/ : Warning: NUMERIC_STD."=": metavalue detected, returning FALSE
at 0 ps, Instance /i2c_via_uart_tb/uut/eUART_I2C_BRIDGE/eUART/eUART_RECIVER/ : Warning: NUMERIC_STD."=": metavalue detected, returning FALSE
at 0 ps, Instance /i2c_via_uart_tb/uut/eUART_I2C_BRIDGE/eUART/eUART_RECIVER/ : Warning: NUMERIC_STD."=": metavalue detected, returning FALSE
at 0 ps, Instance /i2c_via_uart_tb/uut/eUART_I2C_BRIDGE/eUART/eUART_RECIVER/ : Warning: NUMERIC_STD."=": metavalue detected, returning FALSE
at 0 ps, Instance /i2c_via_uart_tb/uut/eUART_I2C_BRIDGE/eUART/eUART_RECIVER/ : Warning: NUMERIC_STD."=": metavalue detected, returning FALSE
at 0 ps, Instance /i2c_via_uart_tb/uut/eUART_I2C_BRIDGE/eUART/eUART_TRANSMITTER/ : Warning: NUMERIC_STD."=": metavalue detected, returning FALSE
at 0 ps, Instance /i2c_via_uart_tb/uut/eUART_I2C_BRIDGE/eUART_I2C_MASTER/eSCL_GEN/ : Warning: NUMERIC_STD."=": metavalue detected, returning FALSE
at 0 ps, Instance /i2c_via_uart_tb/uut/eUART_I2C_BRIDGE/eUART_I2C_MASTER/eCLK_FREQ_DIV/ : Warning: NUMERIC_STD."=": metavalue detected, returning FALSE
at 0 ps, Instance /i2c_via_uart_tb/uut/eI2C_SLAVE/ : Warning: NUMERIC_STD."=": metavalue detected, returning FALSE
at 0 ps, Instance /i2c_via_uart_tb/uut/eI2C_SLAVE/ : Warning: NUMERIC_STD."=": metavalue detected, returning FALSE
at 0 ps, Instance /i2c_via_uart_tb/uut/eI2C_SLAVE/ : Warning: NUMERIC_STD."=": metavalue detected, returning FALSE
at 0 ps, Instance /i2c_via_uart_tb/uut/eI2C_SLAVE/ : Warning: CONV_INTEGER: There is an 'U'|'X'|'W'|'Z'|'-' in an arithmetic operand, and it has been converted to 0.
at 0 ps, Instance /i2c_via_uart_tb/uut/eI2C_SLAVE/eCLK_FREQ_DIV/ : Warning: NUMERIC_STD."=": metavalue detected, returning FALSE
at 0 ps, Instance /i2c_via_uart_tb/uut/eLCD_DRIVER/eLCD_INIT_TIMER/ : Warning: NUMERIC_STD."=": metavalue detected, returning FALSE
at 0 ps, Instance /i2c_via_uart_tb/uut/eLCD_DRIVER/eLCD_CMD_TIMER/ : Warning: NUMERIC_STD."=": metavalue detected, returning FALSE
Finished circuit initialization process.
Stopped at time : 7113292200 ps : File "D:/BSc_workspace/Bachelor_work/UART_communication/baud_freq_div.vhd" Line 57
# restart
# run all
Simulator is doing circuit initialization process.
at 0 ps, Instance /i2c_via_uart_tb/uut/eUART_I2C_BRIDGE/eUART/eBAUD_FREQ_DIV/ : Warning: NUMERIC_STD."=": metavalue detected, returning FALSE
at 0 ps, Instance /i2c_via_uart_tb/uut/eUART_I2C_BRIDGE/eUART/eUART_RECIVER/ : Warning: NUMERIC_STD."=": metavalue detected, returning FALSE
at 0 ps, Instance /i2c_via_uart_tb/uut/eUART_I2C_BRIDGE/eUART/eUART_RECIVER/ : Warning: NUMERIC_STD."=": metavalue detected, returning FALSE
at 0 ps, Instance /i2c_via_uart_tb/uut/eUART_I2C_BRIDGE/eUART/eUART_RECIVER/ : Warning: NUMERIC_STD."=": metavalue detected, returning FALSE
at 0 ps, Instance /i2c_via_uart_tb/uut/eUART_I2C_BRIDGE/eUART/eUART_RECIVER/ : Warning: NUMERIC_STD."=": metavalue detected, returning FALSE
at 0 ps, Instance /i2c_via_uart_tb/uut/eUART_I2C_BRIDGE/eUART/eUART_RECIVER/ : Warning: NUMERIC_STD."=": metavalue detected, returning FALSE
at 0 ps, Instance /i2c_via_uart_tb/uut/eUART_I2C_BRIDGE/eUART/eUART_RECIVER/ : Warning: NUMERIC_STD."=": metavalue detected, returning FALSE
at 0 ps, Instance /i2c_via_uart_tb/uut/eUART_I2C_BRIDGE/eUART/eUART_RECIVER/ : Warning: NUMERIC_STD."=": metavalue detected, returning FALSE
at 0 ps, Instance /i2c_via_uart_tb/uut/eUART_I2C_BRIDGE/eUART/eUART_RECIVER/ : Warning: NUMERIC_STD."=": metavalue detected, returning FALSE
at 0 ps, Instance /i2c_via_uart_tb/uut/eUART_I2C_BRIDGE/eUART/eUART_RECIVER/ : Warning: NUMERIC_STD."=": metavalue detected, returning FALSE
at 0 ps, Instance /i2c_via_uart_tb/uut/eUART_I2C_BRIDGE/eUART/eUART_RECIVER/ : Warning: NUMERIC_STD."=": metavalue detected, returning FALSE
at 0 ps, Instance /i2c_via_uart_tb/uut/eUART_I2C_BRIDGE/eUART/eUART_TRANSMITTER/ : Warning: NUMERIC_STD."=": metavalue detected, returning FALSE
at 0 ps, Instance /i2c_via_uart_tb/uut/eUART_I2C_BRIDGE/eUART_I2C_MASTER/eSCL_GEN/ : Warning: NUMERIC_STD."=": metavalue detected, returning FALSE
at 0 ps, Instance /i2c_via_uart_tb/uut/eUART_I2C_BRIDGE/eUART_I2C_MASTER/eCLK_FREQ_DIV/ : Warning: NUMERIC_STD."=": metavalue detected, returning FALSE
at 0 ps, Instance /i2c_via_uart_tb/uut/eI2C_SLAVE/ : Warning: NUMERIC_STD."=": metavalue detected, returning FALSE
at 0 ps, Instance /i2c_via_uart_tb/uut/eI2C_SLAVE/ : Warning: NUMERIC_STD."=": metavalue detected, returning FALSE
at 0 ps, Instance /i2c_via_uart_tb/uut/eI2C_SLAVE/ : Warning: NUMERIC_STD."=": metavalue detected, returning FALSE
at 0 ps, Instance /i2c_via_uart_tb/uut/eI2C_SLAVE/ : Warning: CONV_INTEGER: There is an 'U'|'X'|'W'|'Z'|'-' in an arithmetic operand, and it has been converted to 0.
at 0 ps, Instance /i2c_via_uart_tb/uut/eI2C_SLAVE/eCLK_FREQ_DIV/ : Warning: NUMERIC_STD."=": metavalue detected, returning FALSE
at 0 ps, Instance /i2c_via_uart_tb/uut/eLCD_DRIVER/eLCD_INIT_TIMER/ : Warning: NUMERIC_STD."=": metavalue detected, returning FALSE
at 0 ps, Instance /i2c_via_uart_tb/uut/eLCD_DRIVER/eLCD_CMD_TIMER/ : Warning: NUMERIC_STD."=": metavalue detected, returning FALSE
Finished circuit initialization process.
Stopped at time : 4364244360 ps : File "D:/BSc_workspace/Bachelor_work/UART_communication/baud_freq_div.vhd" Line 57
# restart
# run all
Simulator is doing circuit initialization process.
at 0 ps, Instance /i2c_via_uart_tb/uut/eUART_I2C_BRIDGE/eUART/eBAUD_FREQ_DIV/ : Warning: NUMERIC_STD."=": metavalue detected, returning FALSE
at 0 ps, Instance /i2c_via_uart_tb/uut/eUART_I2C_BRIDGE/eUART/eUART_RECIVER/ : Warning: NUMERIC_STD."=": metavalue detected, returning FALSE
at 0 ps, Instance /i2c_via_uart_tb/uut/eUART_I2C_BRIDGE/eUART/eUART_RECIVER/ : Warning: NUMERIC_STD."=": metavalue detected, returning FALSE
at 0 ps, Instance /i2c_via_uart_tb/uut/eUART_I2C_BRIDGE/eUART/eUART_RECIVER/ : Warning: NUMERIC_STD."=": metavalue detected, returning FALSE
at 0 ps, Instance /i2c_via_uart_tb/uut/eUART_I2C_BRIDGE/eUART/eUART_RECIVER/ : Warning: NUMERIC_STD."=": metavalue detected, returning FALSE
at 0 ps, Instance /i2c_via_uart_tb/uut/eUART_I2C_BRIDGE/eUART/eUART_RECIVER/ : Warning: NUMERIC_STD."=": metavalue detected, returning FALSE
at 0 ps, Instance /i2c_via_uart_tb/uut/eUART_I2C_BRIDGE/eUART/eUART_RECIVER/ : Warning: NUMERIC_STD."=": metavalue detected, returning FALSE
at 0 ps, Instance /i2c_via_uart_tb/uut/eUART_I2C_BRIDGE/eUART/eUART_RECIVER/ : Warning: NUMERIC_STD."=": metavalue detected, returning FALSE
at 0 ps, Instance /i2c_via_uart_tb/uut/eUART_I2C_BRIDGE/eUART/eUART_RECIVER/ : Warning: NUMERIC_STD."=": metavalue detected, returning FALSE
at 0 ps, Instance /i2c_via_uart_tb/uut/eUART_I2C_BRIDGE/eUART/eUART_RECIVER/ : Warning: NUMERIC_STD."=": metavalue detected, returning FALSE
at 0 ps, Instance /i2c_via_uart_tb/uut/eUART_I2C_BRIDGE/eUART/eUART_RECIVER/ : Warning: NUMERIC_STD."=": metavalue detected, returning FALSE
at 0 ps, Instance /i2c_via_uart_tb/uut/eUART_I2C_BRIDGE/eUART/eUART_TRANSMITTER/ : Warning: NUMERIC_STD."=": metavalue detected, returning FALSE
at 0 ps, Instance /i2c_via_uart_tb/uut/eUART_I2C_BRIDGE/eUART_I2C_MASTER/eSCL_GEN/ : Warning: NUMERIC_STD."=": metavalue detected, returning FALSE
at 0 ps, Instance /i2c_via_uart_tb/uut/eUART_I2C_BRIDGE/eUART_I2C_MASTER/eCLK_FREQ_DIV/ : Warning: NUMERIC_STD."=": metavalue detected, returning FALSE
at 0 ps, Instance /i2c_via_uart_tb/uut/eI2C_SLAVE/ : Warning: NUMERIC_STD."=": metavalue detected, returning FALSE
at 0 ps, Instance /i2c_via_uart_tb/uut/eI2C_SLAVE/ : Warning: NUMERIC_STD."=": metavalue detected, returning FALSE
at 0 ps, Instance /i2c_via_uart_tb/uut/eI2C_SLAVE/ : Warning: NUMERIC_STD."=": metavalue detected, returning FALSE
at 0 ps, Instance /i2c_via_uart_tb/uut/eI2C_SLAVE/ : Warning: CONV_INTEGER: There is an 'U'|'X'|'W'|'Z'|'-' in an arithmetic operand, and it has been converted to 0.
at 0 ps, Instance /i2c_via_uart_tb/uut/eI2C_SLAVE/eCLK_FREQ_DIV/ : Warning: NUMERIC_STD."=": metavalue detected, returning FALSE
at 0 ps, Instance /i2c_via_uart_tb/uut/eLCD_DRIVER/eLCD_INIT_TIMER/ : Warning: NUMERIC_STD."=": metavalue detected, returning FALSE
at 0 ps, Instance /i2c_via_uart_tb/uut/eLCD_DRIVER/eLCD_CMD_TIMER/ : Warning: NUMERIC_STD."=": metavalue detected, returning FALSE
Finished circuit initialization process.
Stopped at time : 41178440520 ps : File "D:/BSc_workspace/Bachelor_work/UART_communication/baud_freq_div.vhd" Line 57
ISim P.68d (signature 0x8ef4fb42)
----------------------------------------------------------------------
INFO:Security:50 - The XILINXD_LICENSE_FILE environment variable is set to '2100@licserver'.
INFO:Security:53 - The LM_LICENSE_FILE environment variable is not set.
WARNING:Security:43 - No license file was found in the standard Xilinx license directory.
WARNING:Security:44 - Since no license file was found,
       please run the Xilinx License Configuration Manager
       (xlcm or "Manage Xilinx Licenses")
       to assist in obtaining a license.
WARNING:Security:42 - Your software subscription period has lapsed. Your current version of Xilinx tools will continue to function, but you no longer qualify for Xilinx software updates or new releases.


----------------------------------------------------------------------
This is a Full version of ISim.
# run 1000 ns
Simulator is doing circuit initialization process.
at 0 ps, Instance /i2c_via_uart_tb/uut/eUART_I2C_BRIDGE/eUART/eBAUD_FREQ_DIV/ : Warning: NUMERIC_STD."=": metavalue detected, returning FALSE
at 0 ps, Instance /i2c_via_uart_tb/uut/eUART_I2C_BRIDGE/eUART/eUART_RECIVER/ : Warning: NUMERIC_STD."=": metavalue detected, returning FALSE
at 0 ps, Instance /i2c_via_uart_tb/uut/eUART_I2C_BRIDGE/eUART/eUART_RECIVER/ : Warning: NUMERIC_STD."=": metavalue detected, returning FALSE
at 0 ps, Instance /i2c_via_uart_tb/uut/eUART_I2C_BRIDGE/eUART/eUART_RECIVER/ : Warning: NUMERIC_STD."=": metavalue detected, returning FALSE
at 0 ps, Instance /i2c_via_uart_tb/uut/eUART_I2C_BRIDGE/eUART/eUART_RECIVER/ : Warning: NUMERIC_STD."=": metavalue detected, returning FALSE
at 0 ps, Instance /i2c_via_uart_tb/uut/eUART_I2C_BRIDGE/eUART/eUART_RECIVER/ : Warning: NUMERIC_STD."=": metavalue detected, returning FALSE
at 0 ps, Instance /i2c_via_uart_tb/uut/eUART_I2C_BRIDGE/eUART/eUART_RECIVER/ : Warning: NUMERIC_STD."=": metavalue detected, returning FALSE
at 0 ps, Instance /i2c_via_uart_tb/uut/eUART_I2C_BRIDGE/eUART/eUART_RECIVER/ : Warning: NUMERIC_STD."=": metavalue detected, returning FALSE
at 0 ps, Instance /i2c_via_uart_tb/uut/eUART_I2C_BRIDGE/eUART/eUART_RECIVER/ : Warning: NUMERIC_STD."=": metavalue detected, returning FALSE
at 0 ps, Instance /i2c_via_uart_tb/uut/eUART_I2C_BRIDGE/eUART/eUART_RECIVER/ : Warning: NUMERIC_STD."=": metavalue detected, returning FALSE
at 0 ps, Instance /i2c_via_uart_tb/uut/eUART_I2C_BRIDGE/eUART/eUART_RECIVER/ : Warning: NUMERIC_STD."=": metavalue detected, returning FALSE
at 0 ps, Instance /i2c_via_uart_tb/uut/eUART_I2C_BRIDGE/eUART/eUART_TRANSMITTER/ : Warning: NUMERIC_STD."=": metavalue detected, returning FALSE
at 0 ps, Instance /i2c_via_uart_tb/uut/eUART_I2C_BRIDGE/eUART_I2C_MASTER/ : Warning: There is an 'U'|'X'|'W'|'Z'|'-' in an arithmetic operand, the result will be 'X'(es).
at 0 ps, Instance /i2c_via_uart_tb/uut/eUART_I2C_BRIDGE/eUART_I2C_MASTER/eSCL_GEN/ : Warning: NUMERIC_STD."=": metavalue detected, returning FALSE
at 0 ps, Instance /i2c_via_uart_tb/uut/eUART_I2C_BRIDGE/eUART_I2C_MASTER/eCLK_FREQ_DIV/ : Warning: NUMERIC_STD."=": metavalue detected, returning FALSE
at 0 ps, Instance /i2c_via_uart_tb/uut/eI2C_SLAVE/ : Warning: NUMERIC_STD."=": metavalue detected, returning FALSE
at 0 ps, Instance /i2c_via_uart_tb/uut/eI2C_SLAVE/ : Warning: NUMERIC_STD."=": metavalue detected, returning FALSE
at 0 ps, Instance /i2c_via_uart_tb/uut/eI2C_SLAVE/ : Warning: NUMERIC_STD."=": metavalue detected, returning FALSE
at 0 ps, Instance /i2c_via_uart_tb/uut/eI2C_SLAVE/ : Warning: CONV_INTEGER: There is an 'U'|'X'|'W'|'Z'|'-' in an arithmetic operand, and it has been converted to 0.
at 0 ps, Instance /i2c_via_uart_tb/uut/eI2C_SLAVE/eCLK_FREQ_DIV/ : Warning: NUMERIC_STD."=": metavalue detected, returning FALSE
at 0 ps, Instance /i2c_via_uart_tb/uut/eLCD_DRIVER/eLCD_INIT_TIMER/ : Warning: NUMERIC_STD."=": metavalue detected, returning FALSE
at 0 ps, Instance /i2c_via_uart_tb/uut/eLCD_DRIVER/eLCD_CMD_TIMER/ : Warning: NUMERIC_STD."=": metavalue detected, returning FALSE
Finished circuit initialization process.
# run all
Stopped at time : 52056070920 ps : File "D:/BSc_workspace/Bachelor_work/I2C_bus/i2c_slave.vhd" Line 453
ISim P.68d (signature 0x8ef4fb42)
----------------------------------------------------------------------
INFO:Security:50 - The XILINXD_LICENSE_FILE environment variable is set to '2100@licserver'.
INFO:Security:53 - The LM_LICENSE_FILE environment variable is not set.
WARNING:Security:43 - No license file was found in the standard Xilinx license directory.
WARNING:Security:44 - Since no license file was found,
       please run the Xilinx License Configuration Manager
       (xlcm or "Manage Xilinx Licenses")
       to assist in obtaining a license.
WARNING:Security:42 - Your software subscription period has lapsed. Your current version of Xilinx tools will continue to function, but you no longer qualify for Xilinx software updates or new releases.


----------------------------------------------------------------------
This is a Full version of ISim.
# run 1000 ns
Simulator is doing circuit initialization process.
at 0 ps, Instance /i2c_via_uart_tb/uut/eUART_I2C_BRIDGE/eUART/eBAUD_FREQ_DIV/ : Warning: NUMERIC_STD."=": metavalue detected, returning FALSE
at 0 ps, Instance /i2c_via_uart_tb/uut/eUART_I2C_BRIDGE/eUART/eUART_RECIVER/ : Warning: NUMERIC_STD."=": metavalue detected, returning FALSE
at 0 ps, Instance /i2c_via_uart_tb/uut/eUART_I2C_BRIDGE/eUART/eUART_RECIVER/ : Warning: NUMERIC_STD."=": metavalue detected, returning FALSE
at 0 ps, Instance /i2c_via_uart_tb/uut/eUART_I2C_BRIDGE/eUART/eUART_RECIVER/ : Warning: NUMERIC_STD."=": metavalue detected, returning FALSE
at 0 ps, Instance /i2c_via_uart_tb/uut/eUART_I2C_BRIDGE/eUART/eUART_RECIVER/ : Warning: NUMERIC_STD."=": metavalue detected, returning FALSE
at 0 ps, Instance /i2c_via_uart_tb/uut/eUART_I2C_BRIDGE/eUART/eUART_RECIVER/ : Warning: NUMERIC_STD."=": metavalue detected, returning FALSE
at 0 ps, Instance /i2c_via_uart_tb/uut/eUART_I2C_BRIDGE/eUART/eUART_RECIVER/ : Warning: NUMERIC_STD."=": metavalue detected, returning FALSE
at 0 ps, Instance /i2c_via_uart_tb/uut/eUART_I2C_BRIDGE/eUART/eUART_RECIVER/ : Warning: NUMERIC_STD."=": metavalue detected, returning FALSE
at 0 ps, Instance /i2c_via_uart_tb/uut/eUART_I2C_BRIDGE/eUART/eUART_RECIVER/ : Warning: NUMERIC_STD."=": metavalue detected, returning FALSE
at 0 ps, Instance /i2c_via_uart_tb/uut/eUART_I2C_BRIDGE/eUART/eUART_RECIVER/ : Warning: NUMERIC_STD."=": metavalue detected, returning FALSE
at 0 ps, Instance /i2c_via_uart_tb/uut/eUART_I2C_BRIDGE/eUART/eUART_RECIVER/ : Warning: NUMERIC_STD."=": metavalue detected, returning FALSE
at 0 ps, Instance /i2c_via_uart_tb/uut/eUART_I2C_BRIDGE/eUART/eUART_TRANSMITTER/ : Warning: NUMERIC_STD."=": metavalue detected, returning FALSE
at 0 ps, Instance /i2c_via_uart_tb/uut/eUART_I2C_BRIDGE/eUART_I2C_MASTER/ : Warning: There is an 'U'|'X'|'W'|'Z'|'-' in an arithmetic operand, the result will be 'X'(es).
at 0 ps, Instance /i2c_via_uart_tb/uut/eUART_I2C_BRIDGE/eUART_I2C_MASTER/eSCL_GEN/ : Warning: NUMERIC_STD."=": metavalue detected, returning FALSE
at 0 ps, Instance /i2c_via_uart_tb/uut/eUART_I2C_BRIDGE/eUART_I2C_MASTER/eCLK_FREQ_DIV/ : Warning: NUMERIC_STD."=": metavalue detected, returning FALSE
at 0 ps, Instance /i2c_via_uart_tb/uut/eI2C_SLAVE/ : Warning: NUMERIC_STD."=": metavalue detected, returning FALSE
at 0 ps, Instance /i2c_via_uart_tb/uut/eI2C_SLAVE/ : Warning: NUMERIC_STD."=": metavalue detected, returning FALSE
at 0 ps, Instance /i2c_via_uart_tb/uut/eI2C_SLAVE/ : Warning: NUMERIC_STD."=": metavalue detected, returning FALSE
at 0 ps, Instance /i2c_via_uart_tb/uut/eI2C_SLAVE/ : Warning: CONV_INTEGER: There is an 'U'|'X'|'W'|'Z'|'-' in an arithmetic operand, and it has been converted to 0.
at 0 ps, Instance /i2c_via_uart_tb/uut/eI2C_SLAVE/eCLK_FREQ_DIV/ : Warning: NUMERIC_STD."=": metavalue detected, returning FALSE
at 0 ps, Instance /i2c_via_uart_tb/uut/eLCD_DRIVER/eLCD_INIT_TIMER/ : Warning: NUMERIC_STD."=": metavalue detected, returning FALSE
at 0 ps, Instance /i2c_via_uart_tb/uut/eLCD_DRIVER/eLCD_CMD_TIMER/ : Warning: NUMERIC_STD."=": metavalue detected, returning FALSE
Finished circuit initialization process.
# run all
Stopped at time : 12050597160 ps : File "D:/BSc_workspace/Bachelor_work/UART_communication/baud_freq_div.vhd" Line 57
ISim P.68d (signature 0x8ef4fb42)
----------------------------------------------------------------------
INFO:Security:50 - The XILINXD_LICENSE_FILE environment variable is set to '2100@licserver'.
INFO:Security:53 - The LM_LICENSE_FILE environment variable is not set.
WARNING:Security:43 - No license file was found in the standard Xilinx license directory.
WARNING:Security:44 - Since no license file was found,
       please run the Xilinx License Configuration Manager
       (xlcm or "Manage Xilinx Licenses")
       to assist in obtaining a license.
WARNING:Security:42 - Your software subscription period has lapsed. Your current version of Xilinx tools will continue to function, but you no longer qualify for Xilinx software updates or new releases.


----------------------------------------------------------------------
This is a Full version of ISim.
# run 1000 ns
Simulator is doing circuit initialization process.
at 0 ps, Instance /i2c_via_uart_tb/uut/eUART_I2C_BRIDGE/eUART/eBAUD_FREQ_DIV/ : Warning: NUMERIC_STD."=": metavalue detected, returning FALSE
at 0 ps, Instance /i2c_via_uart_tb/uut/eUART_I2C_BRIDGE/eUART/eUART_RECIVER/ : Warning: NUMERIC_STD."=": metavalue detected, returning FALSE
at 0 ps, Instance /i2c_via_uart_tb/uut/eUART_I2C_BRIDGE/eUART/eUART_RECIVER/ : Warning: NUMERIC_STD."=": metavalue detected, returning FALSE
at 0 ps, Instance /i2c_via_uart_tb/uut/eUART_I2C_BRIDGE/eUART/eUART_RECIVER/ : Warning: NUMERIC_STD."=": metavalue detected, returning FALSE
at 0 ps, Instance /i2c_via_uart_tb/uut/eUART_I2C_BRIDGE/eUART/eUART_RECIVER/ : Warning: NUMERIC_STD."=": metavalue detected, returning FALSE
at 0 ps, Instance /i2c_via_uart_tb/uut/eUART_I2C_BRIDGE/eUART/eUART_RECIVER/ : Warning: NUMERIC_STD."=": metavalue detected, returning FALSE
at 0 ps, Instance /i2c_via_uart_tb/uut/eUART_I2C_BRIDGE/eUART/eUART_RECIVER/ : Warning: NUMERIC_STD."=": metavalue detected, returning FALSE
at 0 ps, Instance /i2c_via_uart_tb/uut/eUART_I2C_BRIDGE/eUART/eUART_RECIVER/ : Warning: NUMERIC_STD."=": metavalue detected, returning FALSE
at 0 ps, Instance /i2c_via_uart_tb/uut/eUART_I2C_BRIDGE/eUART/eUART_RECIVER/ : Warning: NUMERIC_STD."=": metavalue detected, returning FALSE
at 0 ps, Instance /i2c_via_uart_tb/uut/eUART_I2C_BRIDGE/eUART/eUART_RECIVER/ : Warning: NUMERIC_STD."=": metavalue detected, returning FALSE
at 0 ps, Instance /i2c_via_uart_tb/uut/eUART_I2C_BRIDGE/eUART/eUART_RECIVER/ : Warning: NUMERIC_STD."=": metavalue detected, returning FALSE
at 0 ps, Instance /i2c_via_uart_tb/uut/eUART_I2C_BRIDGE/eUART/eUART_TRANSMITTER/ : Warning: NUMERIC_STD."=": metavalue detected, returning FALSE
at 0 ps, Instance /i2c_via_uart_tb/uut/eUART_I2C_BRIDGE/eUART_I2C_MASTER/ : Warning: There is an 'U'|'X'|'W'|'Z'|'-' in an arithmetic operand, the result will be 'X'(es).
at 0 ps, Instance /i2c_via_uart_tb/uut/eUART_I2C_BRIDGE/eUART_I2C_MASTER/eSCL_GEN/ : Warning: NUMERIC_STD."=": metavalue detected, returning FALSE
at 0 ps, Instance /i2c_via_uart_tb/uut/eUART_I2C_BRIDGE/eUART_I2C_MASTER/eCLK_FREQ_DIV/ : Warning: NUMERIC_STD."=": metavalue detected, returning FALSE
at 0 ps, Instance /i2c_via_uart_tb/uut/eI2C_SLAVE/ : Warning: NUMERIC_STD."=": metavalue detected, returning FALSE
at 0 ps, Instance /i2c_via_uart_tb/uut/eI2C_SLAVE/ : Warning: NUMERIC_STD."=": metavalue detected, returning FALSE
at 0 ps, Instance /i2c_via_uart_tb/uut/eI2C_SLAVE/ : Warning: NUMERIC_STD."=": metavalue detected, returning FALSE
at 0 ps, Instance /i2c_via_uart_tb/uut/eI2C_SLAVE/ : Warning: CONV_INTEGER: There is an 'U'|'X'|'W'|'Z'|'-' in an arithmetic operand, and it has been converted to 0.
at 0 ps, Instance /i2c_via_uart_tb/uut/eI2C_SLAVE/eCLK_FREQ_DIV/ : Warning: NUMERIC_STD."=": metavalue detected, returning FALSE
at 0 ps, Instance /i2c_via_uart_tb/uut/eLCD_DRIVER/eLCD_INIT_TIMER/ : Warning: NUMERIC_STD."=": metavalue detected, returning FALSE
at 0 ps, Instance /i2c_via_uart_tb/uut/eLCD_DRIVER/eLCD_CMD_TIMER/ : Warning: NUMERIC_STD."=": metavalue detected, returning FALSE
Finished circuit initialization process.
# run all
Stopped at time : 43101160200 ps : File "D:/BSc_workspace/Bachelor_work/LCD_controller/lcd_timer.vhd" Line 47
# run all
Stopped at time : 44992500840 ps : File "D:/BSc_workspace/Bachelor_work/UART_communication/baud_freq_div.vhd" Line 57
ISim P.68d (signature 0x8ef4fb42)
----------------------------------------------------------------------
INFO:Security:50 - The XILINXD_LICENSE_FILE environment variable is set to '2100@licserver'.
INFO:Security:53 - The LM_LICENSE_FILE environment variable is not set.
WARNING:Security:43 - No license file was found in the standard Xilinx license directory.
WARNING:Security:44 - Since no license file was found,
       please run the Xilinx License Configuration Manager
       (xlcm or "Manage Xilinx Licenses")
       to assist in obtaining a license.
WARNING:Security:42 - Your software subscription period has lapsed. Your current version of Xilinx tools will continue to function, but you no longer qualify for Xilinx software updates or new releases.


----------------------------------------------------------------------
This is a Full version of ISim.
# run 1000 ns
Simulator is doing circuit initialization process.
at 0 ps, Instance /i2c_via_uart_tb/uut/eUART_I2C_BRIDGE/eUART/eBAUD_FREQ_DIV/ : Warning: NUMERIC_STD."=": metavalue detected, returning FALSE
at 0 ps, Instance /i2c_via_uart_tb/uut/eUART_I2C_BRIDGE/eUART/eUART_RECIVER/ : Warning: NUMERIC_STD."=": metavalue detected, returning FALSE
at 0 ps, Instance /i2c_via_uart_tb/uut/eUART_I2C_BRIDGE/eUART/eUART_RECIVER/ : Warning: NUMERIC_STD."=": metavalue detected, returning FALSE
at 0 ps, Instance /i2c_via_uart_tb/uut/eUART_I2C_BRIDGE/eUART/eUART_RECIVER/ : Warning: NUMERIC_STD."=": metavalue detected, returning FALSE
at 0 ps, Instance /i2c_via_uart_tb/uut/eUART_I2C_BRIDGE/eUART/eUART_RECIVER/ : Warning: NUMERIC_STD."=": metavalue detected, returning FALSE
at 0 ps, Instance /i2c_via_uart_tb/uut/eUART_I2C_BRIDGE/eUART/eUART_RECIVER/ : Warning: NUMERIC_STD."=": metavalue detected, returning FALSE
at 0 ps, Instance /i2c_via_uart_tb/uut/eUART_I2C_BRIDGE/eUART/eUART_RECIVER/ : Warning: NUMERIC_STD."=": metavalue detected, returning FALSE
at 0 ps, Instance /i2c_via_uart_tb/uut/eUART_I2C_BRIDGE/eUART/eUART_RECIVER/ : Warning: NUMERIC_STD."=": metavalue detected, returning FALSE
at 0 ps, Instance /i2c_via_uart_tb/uut/eUART_I2C_BRIDGE/eUART/eUART_RECIVER/ : Warning: NUMERIC_STD."=": metavalue detected, returning FALSE
at 0 ps, Instance /i2c_via_uart_tb/uut/eUART_I2C_BRIDGE/eUART/eUART_RECIVER/ : Warning: NUMERIC_STD."=": metavalue detected, returning FALSE
at 0 ps, Instance /i2c_via_uart_tb/uut/eUART_I2C_BRIDGE/eUART/eUART_RECIVER/ : Warning: NUMERIC_STD."=": metavalue detected, returning FALSE
at 0 ps, Instance /i2c_via_uart_tb/uut/eUART_I2C_BRIDGE/eUART/eUART_TRANSMITTER/ : Warning: NUMERIC_STD."=": metavalue detected, returning FALSE
at 0 ps, Instance /i2c_via_uart_tb/uut/eUART_I2C_BRIDGE/eUART_I2C_MASTER/ : Warning: There is an 'U'|'X'|'W'|'Z'|'-' in an arithmetic operand, the result will be 'X'(es).
at 0 ps, Instance /i2c_via_uart_tb/uut/eUART_I2C_BRIDGE/eUART_I2C_MASTER/eSCL_GEN/ : Warning: NUMERIC_STD."=": metavalue detected, returning FALSE
at 0 ps, Instance /i2c_via_uart_tb/uut/eUART_I2C_BRIDGE/eUART_I2C_MASTER/eCLK_FREQ_DIV/ : Warning: NUMERIC_STD."=": metavalue detected, returning FALSE
at 0 ps, Instance /i2c_via_uart_tb/uut/eI2C_SLAVE/ : Warning: NUMERIC_STD."=": metavalue detected, returning FALSE
at 0 ps, Instance /i2c_via_uart_tb/uut/eI2C_SLAVE/ : Warning: NUMERIC_STD."=": metavalue detected, returning FALSE
at 0 ps, Instance /i2c_via_uart_tb/uut/eI2C_SLAVE/ : Warning: NUMERIC_STD."=": metavalue detected, returning FALSE
at 0 ps, Instance /i2c_via_uart_tb/uut/eI2C_SLAVE/ : Warning: CONV_INTEGER: There is an 'U'|'X'|'W'|'Z'|'-' in an arithmetic operand, and it has been converted to 0.
at 0 ps, Instance /i2c_via_uart_tb/uut/eI2C_SLAVE/eCLK_FREQ_DIV/ : Warning: NUMERIC_STD."=": metavalue detected, returning FALSE
at 0 ps, Instance /i2c_via_uart_tb/uut/eLCD_DRIVER/eLCD_INIT_TIMER/ : Warning: NUMERIC_STD."=": metavalue detected, returning FALSE
at 0 ps, Instance /i2c_via_uart_tb/uut/eLCD_DRIVER/eLCD_CMD_TIMER/ : Warning: NUMERIC_STD."=": metavalue detected, returning FALSE
Finished circuit initialization process.
# run all
Stopped at time : 57065548680 ps : File "D:/BSc_workspace/Bachelor_work/I2C_bus/uart_i2c_master.vhd" Line 807
ISim P.68d (signature 0x8ef4fb42)
----------------------------------------------------------------------
INFO:Security:50 - The XILINXD_LICENSE_FILE environment variable is set to '2100@licserver'.
INFO:Security:53 - The LM_LICENSE_FILE environment variable is not set.
WARNING:Security:43 - No license file was found in the standard Xilinx license directory.
WARNING:Security:44 - Since no license file was found,
       please run the Xilinx License Configuration Manager
       (xlcm or "Manage Xilinx Licenses")
       to assist in obtaining a license.
WARNING:Security:42 - Your software subscription period has lapsed. Your current version of Xilinx tools will continue to function, but you no longer qualify for Xilinx software updates or new releases.


----------------------------------------------------------------------
This is a Full version of ISim.
# run 1000 ns
Simulator is doing circuit initialization process.
at 0 ps, Instance /i2c_via_uart_tb/uut/eUART_I2C_BRIDGE/eUART/eBAUD_FREQ_DIV/ : Warning: NUMERIC_STD."=": metavalue detected, returning FALSE
at 0 ps, Instance /i2c_via_uart_tb/uut/eUART_I2C_BRIDGE/eUART/eUART_RECIVER/ : Warning: NUMERIC_STD."=": metavalue detected, returning FALSE
at 0 ps, Instance /i2c_via_uart_tb/uut/eUART_I2C_BRIDGE/eUART/eUART_RECIVER/ : Warning: NUMERIC_STD."=": metavalue detected, returning FALSE
at 0 ps, Instance /i2c_via_uart_tb/uut/eUART_I2C_BRIDGE/eUART/eUART_RECIVER/ : Warning: NUMERIC_STD."=": metavalue detected, returning FALSE
at 0 ps, Instance /i2c_via_uart_tb/uut/eUART_I2C_BRIDGE/eUART/eUART_RECIVER/ : Warning: NUMERIC_STD."=": metavalue detected, returning FALSE
at 0 ps, Instance /i2c_via_uart_tb/uut/eUART_I2C_BRIDGE/eUART/eUART_RECIVER/ : Warning: NUMERIC_STD."=": metavalue detected, returning FALSE
at 0 ps, Instance /i2c_via_uart_tb/uut/eUART_I2C_BRIDGE/eUART/eUART_RECIVER/ : Warning: NUMERIC_STD."=": metavalue detected, returning FALSE
at 0 ps, Instance /i2c_via_uart_tb/uut/eUART_I2C_BRIDGE/eUART/eUART_RECIVER/ : Warning: NUMERIC_STD."=": metavalue detected, returning FALSE
at 0 ps, Instance /i2c_via_uart_tb/uut/eUART_I2C_BRIDGE/eUART/eUART_RECIVER/ : Warning: NUMERIC_STD."=": metavalue detected, returning FALSE
at 0 ps, Instance /i2c_via_uart_tb/uut/eUART_I2C_BRIDGE/eUART/eUART_RECIVER/ : Warning: NUMERIC_STD."=": metavalue detected, returning FALSE
at 0 ps, Instance /i2c_via_uart_tb/uut/eUART_I2C_BRIDGE/eUART/eUART_RECIVER/ : Warning: NUMERIC_STD."=": metavalue detected, returning FALSE
at 0 ps, Instance /i2c_via_uart_tb/uut/eUART_I2C_BRIDGE/eUART/eUART_TRANSMITTER/ : Warning: NUMERIC_STD."=": metavalue detected, returning FALSE
at 0 ps, Instance /i2c_via_uart_tb/uut/eUART_I2C_BRIDGE/eUART_I2C_MASTER/ : Warning: There is an 'U'|'X'|'W'|'Z'|'-' in an arithmetic operand, the result will be 'X'(es).
at 0 ps, Instance /i2c_via_uart_tb/uut/eUART_I2C_BRIDGE/eUART_I2C_MASTER/eSCL_GEN/ : Warning: NUMERIC_STD."=": metavalue detected, returning FALSE
at 0 ps, Instance /i2c_via_uart_tb/uut/eUART_I2C_BRIDGE/eUART_I2C_MASTER/eCLK_FREQ_DIV/ : Warning: NUMERIC_STD."=": metavalue detected, returning FALSE
at 0 ps, Instance /i2c_via_uart_tb/uut/eI2C_SLAVE/ : Warning: NUMERIC_STD."=": metavalue detected, returning FALSE
at 0 ps, Instance /i2c_via_uart_tb/uut/eI2C_SLAVE/ : Warning: NUMERIC_STD."=": metavalue detected, returning FALSE
at 0 ps, Instance /i2c_via_uart_tb/uut/eI2C_SLAVE/ : Warning: NUMERIC_STD."=": metavalue detected, returning FALSE
at 0 ps, Instance /i2c_via_uart_tb/uut/eI2C_SLAVE/ : Warning: CONV_INTEGER: There is an 'U'|'X'|'W'|'Z'|'-' in an arithmetic operand, and it has been converted to 0.
at 0 ps, Instance /i2c_via_uart_tb/uut/eI2C_SLAVE/eCLK_FREQ_DIV/ : Warning: NUMERIC_STD."=": metavalue detected, returning FALSE
at 0 ps, Instance /i2c_via_uart_tb/uut/eLCD_DRIVER/eLCD_INIT_TIMER/ : Warning: NUMERIC_STD."=": metavalue detected, returning FALSE
at 0 ps, Instance /i2c_via_uart_tb/uut/eLCD_DRIVER/eLCD_CMD_TIMER/ : Warning: NUMERIC_STD."=": metavalue detected, returning FALSE
Finished circuit initialization process.
# run all
Stopped at time : 5996478600 ps : File "D:/BSc_workspace/Bachelor_work/LCD_controller/lcd_timer.vhd" Line 50
ISim P.68d (signature 0x8ef4fb42)
----------------------------------------------------------------------
INFO:Security:50 - The XILINXD_LICENSE_FILE environment variable is set to '2100@licserver'.
INFO:Security:53 - The LM_LICENSE_FILE environment variable is not set.
WARNING:Security:43 - No license file was found in the standard Xilinx license directory.
WARNING:Security:44 - Since no license file was found,
       please run the Xilinx License Configuration Manager
       (xlcm or "Manage Xilinx Licenses")
       to assist in obtaining a license.
WARNING:Security:42 - Your software subscription period has lapsed. Your current version of Xilinx tools will continue to function, but you no longer qualify for Xilinx software updates or new releases.


----------------------------------------------------------------------
This is a Full version of ISim.
# run 1000 ns
Simulator is doing circuit initialization process.
at 0 ps, Instance /i2c_via_uart_tb/uut/eUART_I2C_BRIDGE/eUART/eBAUD_FREQ_DIV/ : Warning: NUMERIC_STD."=": metavalue detected, returning FALSE
at 0 ps, Instance /i2c_via_uart_tb/uut/eUART_I2C_BRIDGE/eUART/eUART_RECIVER/ : Warning: NUMERIC_STD."=": metavalue detected, returning FALSE
at 0 ps, Instance /i2c_via_uart_tb/uut/eUART_I2C_BRIDGE/eUART/eUART_RECIVER/ : Warning: NUMERIC_STD."=": metavalue detected, returning FALSE
at 0 ps, Instance /i2c_via_uart_tb/uut/eUART_I2C_BRIDGE/eUART/eUART_RECIVER/ : Warning: NUMERIC_STD."=": metavalue detected, returning FALSE
at 0 ps, Instance /i2c_via_uart_tb/uut/eUART_I2C_BRIDGE/eUART/eUART_RECIVER/ : Warning: NUMERIC_STD."=": metavalue detected, returning FALSE
at 0 ps, Instance /i2c_via_uart_tb/uut/eUART_I2C_BRIDGE/eUART/eUART_RECIVER/ : Warning: NUMERIC_STD."=": metavalue detected, returning FALSE
at 0 ps, Instance /i2c_via_uart_tb/uut/eUART_I2C_BRIDGE/eUART/eUART_RECIVER/ : Warning: NUMERIC_STD."=": metavalue detected, returning FALSE
at 0 ps, Instance /i2c_via_uart_tb/uut/eUART_I2C_BRIDGE/eUART/eUART_RECIVER/ : Warning: NUMERIC_STD."=": metavalue detected, returning FALSE
at 0 ps, Instance /i2c_via_uart_tb/uut/eUART_I2C_BRIDGE/eUART/eUART_RECIVER/ : Warning: NUMERIC_STD."=": metavalue detected, returning FALSE
at 0 ps, Instance /i2c_via_uart_tb/uut/eUART_I2C_BRIDGE/eUART/eUART_RECIVER/ : Warning: NUMERIC_STD."=": metavalue detected, returning FALSE
at 0 ps, Instance /i2c_via_uart_tb/uut/eUART_I2C_BRIDGE/eUART/eUART_RECIVER/ : Warning: NUMERIC_STD."=": metavalue detected, returning FALSE
at 0 ps, Instance /i2c_via_uart_tb/uut/eUART_I2C_BRIDGE/eUART/eUART_TRANSMITTER/ : Warning: NUMERIC_STD."=": metavalue detected, returning FALSE
at 0 ps, Instance /i2c_via_uart_tb/uut/eUART_I2C_BRIDGE/eUART_I2C_MASTER/ : Warning: There is an 'U'|'X'|'W'|'Z'|'-' in an arithmetic operand, the result will be 'X'(es).
at 0 ps, Instance /i2c_via_uart_tb/uut/eUART_I2C_BRIDGE/eUART_I2C_MASTER/eSCL_GEN/ : Warning: NUMERIC_STD."=": metavalue detected, returning FALSE
at 0 ps, Instance /i2c_via_uart_tb/uut/eUART_I2C_BRIDGE/eUART_I2C_MASTER/eCLK_FREQ_DIV/ : Warning: NUMERIC_STD."=": metavalue detected, returning FALSE
at 0 ps, Instance /i2c_via_uart_tb/uut/eI2C_SLAVE/ : Warning: NUMERIC_STD."=": metavalue detected, returning FALSE
at 0 ps, Instance /i2c_via_uart_tb/uut/eI2C_SLAVE/ : Warning: NUMERIC_STD."=": metavalue detected, returning FALSE
at 0 ps, Instance /i2c_via_uart_tb/uut/eI2C_SLAVE/ : Warning: NUMERIC_STD."=": metavalue detected, returning FALSE
at 0 ps, Instance /i2c_via_uart_tb/uut/eI2C_SLAVE/ : Warning: CONV_INTEGER: There is an 'U'|'X'|'W'|'Z'|'-' in an arithmetic operand, and it has been converted to 0.
at 0 ps, Instance /i2c_via_uart_tb/uut/eI2C_SLAVE/eCLK_FREQ_DIV/ : Warning: NUMERIC_STD."=": metavalue detected, returning FALSE
at 0 ps, Instance /i2c_via_uart_tb/uut/eLCD_DRIVER/eLCD_INIT_TIMER/ : Warning: NUMERIC_STD."=": metavalue detected, returning FALSE
at 0 ps, Instance /i2c_via_uart_tb/uut/eLCD_DRIVER/eLCD_CMD_TIMER/ : Warning: NUMERIC_STD."=": metavalue detected, returning FALSE
Finished circuit initialization process.
# run all
Stopped at time : 94789989 ns : File "D:/BSc_workspace/Bachelor_work/LCD_controller/lcd_timer.vhd" Line 44
ISim P.68d (signature 0x8ef4fb42)
----------------------------------------------------------------------
INFO:Security:50 - The XILINXD_LICENSE_FILE environment variable is set to '2100@licserver'.
INFO:Security:53 - The LM_LICENSE_FILE environment variable is not set.
WARNING:Security:43 - No license file was found in the standard Xilinx license directory.
WARNING:Security:44 - Since no license file was found,
       please run the Xilinx License Configuration Manager
       (xlcm or "Manage Xilinx Licenses")
       to assist in obtaining a license.
WARNING:Security:42 - Your software subscription period has lapsed. Your current version of Xilinx tools will continue to function, but you no longer qualify for Xilinx software updates or new releases.


----------------------------------------------------------------------
This is a Full version of ISim.
# run 1000 ns
Simulator is doing circuit initialization process.
at 0 ps, Instance /i2c_via_uart_tb/uut/eUART_I2C_BRIDGE/eUART/eBAUD_FREQ_DIV/ : Warning: NUMERIC_STD."=": metavalue detected, returning FALSE
at 0 ps, Instance /i2c_via_uart_tb/uut/eUART_I2C_BRIDGE/eUART/eUART_RECIVER/ : Warning: NUMERIC_STD."=": metavalue detected, returning FALSE
at 0 ps, Instance /i2c_via_uart_tb/uut/eUART_I2C_BRIDGE/eUART/eUART_RECIVER/ : Warning: NUMERIC_STD."=": metavalue detected, returning FALSE
at 0 ps, Instance /i2c_via_uart_tb/uut/eUART_I2C_BRIDGE/eUART/eUART_RECIVER/ : Warning: NUMERIC_STD."=": metavalue detected, returning FALSE
at 0 ps, Instance /i2c_via_uart_tb/uut/eUART_I2C_BRIDGE/eUART/eUART_RECIVER/ : Warning: NUMERIC_STD."=": metavalue detected, returning FALSE
at 0 ps, Instance /i2c_via_uart_tb/uut/eUART_I2C_BRIDGE/eUART/eUART_RECIVER/ : Warning: NUMERIC_STD."=": metavalue detected, returning FALSE
at 0 ps, Instance /i2c_via_uart_tb/uut/eUART_I2C_BRIDGE/eUART/eUART_RECIVER/ : Warning: NUMERIC_STD."=": metavalue detected, returning FALSE
at 0 ps, Instance /i2c_via_uart_tb/uut/eUART_I2C_BRIDGE/eUART/eUART_RECIVER/ : Warning: NUMERIC_STD."=": metavalue detected, returning FALSE
at 0 ps, Instance /i2c_via_uart_tb/uut/eUART_I2C_BRIDGE/eUART/eUART_RECIVER/ : Warning: NUMERIC_STD."=": metavalue detected, returning FALSE
at 0 ps, Instance /i2c_via_uart_tb/uut/eUART_I2C_BRIDGE/eUART/eUART_RECIVER/ : Warning: NUMERIC_STD."=": metavalue detected, returning FALSE
at 0 ps, Instance /i2c_via_uart_tb/uut/eUART_I2C_BRIDGE/eUART/eUART_RECIVER/ : Warning: NUMERIC_STD."=": metavalue detected, returning FALSE
at 0 ps, Instance /i2c_via_uart_tb/uut/eUART_I2C_BRIDGE/eUART/eUART_TRANSMITTER/ : Warning: NUMERIC_STD."=": metavalue detected, returning FALSE
at 0 ps, Instance /i2c_via_uart_tb/uut/eUART_I2C_BRIDGE/eUART_I2C_MASTER/ : Warning: There is an 'U'|'X'|'W'|'Z'|'-' in an arithmetic operand, the result will be 'X'(es).
at 0 ps, Instance /i2c_via_uart_tb/uut/eUART_I2C_BRIDGE/eUART_I2C_MASTER/eSCL_GEN/ : Warning: NUMERIC_STD."=": metavalue detected, returning FALSE
at 0 ps, Instance /i2c_via_uart_tb/uut/eUART_I2C_BRIDGE/eUART_I2C_MASTER/eCLK_FREQ_DIV/ : Warning: NUMERIC_STD."=": metavalue detected, returning FALSE
at 0 ps, Instance /i2c_via_uart_tb/uut/eI2C_SLAVE/ : Warning: NUMERIC_STD."=": metavalue detected, returning FALSE
at 0 ps, Instance /i2c_via_uart_tb/uut/eI2C_SLAVE/ : Warning: NUMERIC_STD."=": metavalue detected, returning FALSE
at 0 ps, Instance /i2c_via_uart_tb/uut/eI2C_SLAVE/ : Warning: NUMERIC_STD."=": metavalue detected, returning FALSE
at 0 ps, Instance /i2c_via_uart_tb/uut/eI2C_SLAVE/ : Warning: CONV_INTEGER: There is an 'U'|'X'|'W'|'Z'|'-' in an arithmetic operand, and it has been converted to 0.
at 0 ps, Instance /i2c_via_uart_tb/uut/eI2C_SLAVE/eCLK_FREQ_DIV/ : Warning: NUMERIC_STD."=": metavalue detected, returning FALSE
at 0 ps, Instance /i2c_via_uart_tb/uut/eLCD_DRIVER/eLCD_INIT_TIMER/ : Warning: NUMERIC_STD."=": metavalue detected, returning FALSE
at 0 ps, Instance /i2c_via_uart_tb/uut/eLCD_DRIVER/eLCD_CMD_TIMER/ : Warning: NUMERIC_STD."=": metavalue detected, returning FALSE
Finished circuit initialization process.
# run all
Stopped at time : 50567021400 ps : File "D:/BSc_workspace/Bachelor_work/UART_communication/baud_freq_div.vhd" Line 57
