Running: fuse.exe -relaunch -intstyle "ise" -incremental -lib "secureip" -o "D:/BSc_workspace/Bachelor_work/LCD_controller/lcd_driver_tb_isim_beh.exe" -prj "D:/BSc_workspace/Bachelor_work/LCD_controller/lcd_driver_tb_beh.prj" "work.lcd_driver_tb" 
ISim P.68d (signature 0x8ef4fb42)
Number of CPUs detected in this system: 8
Turning on mult-threading, number of parallel sub-compilation jobs: 16 
Determining compilation order of HDL files
Parsing VHDL file "D:/BSc_workspace/Bachelor_work/LCD_controller/lcd_timer.vhd" into library work
Parsing VHDL file "D:/BSc_workspace/Bachelor_work/LCD_controller/lcd_driver.vhd" into library work
Parsing VHDL file "D:/BSc_workspace/Bachelor_work/LCD_controller/lcd_driver_tb.vhd" into library work
Starting static elaboration
Completed static elaboration
Fuse Memory Usage: 193312 KB
Fuse CPU Usage: 171 ms
Compiling package standard
Compiling package std_logic_1164
Compiling package numeric_std
Compiling architecture behavioral of entity lcd_timer [\lcd_timer(128,8)\]
Compiling architecture behavioral of entity lcd_timer [\lcd_timer(10,4)\]
Compiling architecture behavioral of entity lcd_driver [\lcd_driver(4,3)\]
Compiling architecture behavior of entity lcd_driver_tb
Time Resolution for simulation is 1ps.
Waiting for 1 sub-compilation(s) to finish...
Compiled 10 VHDL Units
Built simulation executable D:/BSc_workspace/Bachelor_work/LCD_controller/lcd_driver_tb_isim_beh.exe
Fuse Memory Usage: 209568 KB
Fuse CPU Usage: 421 ms
