--------------------------------------------------------------------------------
Release 14.6 Trace  (nt)
Copyright (c) 1995-2013 Xilinx, Inc.  All rights reserved.

C:\Xilinx\14.6\ISE_DS\ISE\bin\nt\unwrapped\trce.exe -intstyle ise -v 3 -s 2 -n
3 -fastpaths -xml lcd_verification.twx lcd_verification.ncd -o
lcd_verification.twr lcd_verification.pcf -ucf lcd_pins.ucf

Design file:              lcd_verification.ncd
Physical constraint file: lcd_verification.pcf
Device,package,speed:     xc6slx45,fgg676,C,-2 (PRODUCTION 1.23 2013-06-08)
Report level:             verbose report

Environment Variable      Effect 
--------------------      ------ 
NONE                      No environment variables were set
--------------------------------------------------------------------------------

INFO:Timing:2698 - No timing constraints found, doing default enumeration.
INFO:Timing:3412 - To improve timing, see the Timing Closure User Guide (UG612).
INFO:Timing:2752 - To get complete path coverage, use the unconstrained paths 
   option. All paths that are not constrained will be reported in the 
   unconstrained paths section(s) of the report.
INFO:Timing:3339 - The clock-to-out numbers in this timing report are based on 
   a 50 Ohm transmission line loading model.  For the details of this model, 
   and for more information on accounting for different loading conditions, 
   please see the device datasheet.



Data Sheet report:
-----------------
All values displayed in nanoseconds (ns)

Setup/Hold to clock iCLK
------------+------------+------------+------------+------------+------------------+--------+
            |Max Setup to|  Process   |Max Hold to |  Process   |                  | Clock  |
Source      | clk (edge) |   Corner   | clk (edge) |   Corner   |Internal Clock(s) | Phase  |
------------+------------+------------+------------+------------+------------------+--------+
iEN         |    3.352(R)|      SLOW  |   -0.375(R)|      SLOW  |iCLK_BUFGP        |   0.000|
iSW         |    2.456(R)|      SLOW  |   -1.100(R)|      SLOW  |iCLK_BUFGP        |   0.000|
inRST       |    3.318(R)|      SLOW  |    0.199(R)|      SLOW  |iCLK_BUFGP        |   0.000|
ioD<3>      |    3.911(R)|      SLOW  |   -1.364(R)|      FAST  |iCLK_BUFGP        |   0.000|
------------+------------+------------+------------+------------+------------------+--------+

Clock iCLK to Pad
------------+-----------------+------------+-----------------+------------+------------------+--------+
            |Max (slowest) clk|  Process   |Min (fastest) clk|  Process   |                  | Clock  |
Destination |  (edge) to PAD  |   Corner   |  (edge) to PAD  |   Corner   |Internal Clock(s) | Phase  |
------------+-----------------+------------+-----------------+------------+------------------+--------+
ioD<0>      |        17.155(R)|      SLOW  |         5.493(R)|      FAST  |iCLK_BUFGP        |   0.000|
ioD<1>      |        16.532(R)|      SLOW  |         5.369(R)|      FAST  |iCLK_BUFGP        |   0.000|
ioD<2>      |        18.536(R)|      SLOW  |         6.310(R)|      FAST  |iCLK_BUFGP        |   0.000|
ioD<3>      |        14.462(R)|      SLOW  |         4.836(R)|      FAST  |iCLK_BUFGP        |   0.000|
oE          |        14.717(R)|      SLOW  |         6.472(R)|      FAST  |iCLK_BUFGP        |   0.000|
oLED<0>     |        11.424(R)|      SLOW  |         5.001(R)|      FAST  |iCLK_BUFGP        |   0.000|
oLED<1>     |        10.283(R)|      SLOW  |         4.339(R)|      FAST  |iCLK_BUFGP        |   0.000|
oLED<2>     |        12.537(R)|      SLOW  |         5.588(R)|      FAST  |iCLK_BUFGP        |   0.000|
oLED<3>     |        11.651(R)|      SLOW  |         5.105(R)|      FAST  |iCLK_BUFGP        |   0.000|
oLED<4>     |        11.668(R)|      SLOW  |         5.122(R)|      FAST  |iCLK_BUFGP        |   0.000|
oLED<5>     |        12.610(R)|      SLOW  |         5.639(R)|      FAST  |iCLK_BUFGP        |   0.000|
oLED<6>     |        13.032(R)|      SLOW  |         5.867(R)|      FAST  |iCLK_BUFGP        |   0.000|
oLED<7>     |        13.270(R)|      SLOW  |         5.997(R)|      FAST  |iCLK_BUFGP        |   0.000|
oRS         |        12.804(R)|      SLOW  |         5.709(R)|      FAST  |iCLK_BUFGP        |   0.000|
oRW         |        15.015(R)|      SLOW  |         6.720(R)|      FAST  |iCLK_BUFGP        |   0.000|
------------+-----------------+------------+-----------------+------------+------------------+--------+

Clock to Setup on destination clock iCLK
---------------+---------+---------+---------+---------+
               | Src:Rise| Src:Fall| Src:Rise| Src:Fall|
Source Clock   |Dest:Rise|Dest:Rise|Dest:Fall|Dest:Fall|
---------------+---------+---------+---------+---------+
iCLK           |    5.379|         |         |         |
---------------+---------+---------+---------+---------+


Analysis completed Fri Jun 15 16:58:29 2018 
--------------------------------------------------------------------------------

Trace Settings:
-------------------------
Trace Settings 

Peak Memory Usage: 209 MB



